   xdd "C:/Users/Andy/Documents/GitHub/PyTOPAS/Test Folder/A.raw"
   r_exp  3.26759545 r_exp_dash  4.57731982 r_wp  8.61566336 r_wp_dash  12.0690114 r_p  6.80766603 r_p_dash  10.2730975 weighted_Durbin_Watson  0.353788063 gof  2.63669829
   range 1
   bkg @  339.800427` -139.191577`  80.0042804` -101.144371`  123.803838` -76.81788`  44.298289` -47.2465915`  19.5855872` -10.5010622`
   start_X  3
   LP_Factor( 0.0001_LIMIT_MIN_0.0001)
   Zero_Error(@, 0.08892`)
   One_on_X(@, 3.21680`_LIMIT_MIN_0.0001)
   Rp 250
   Rs 250
     Tube_Tails(, 0.1260045914,, -0.06162991848_LIMIT_MAX_-1e-005,, 0.361518048,, 0.02008790324_LIMIT_MIN_1e-005)
   axial_conv 
      filament_length  12
      sample_length  15_LIMIT_MIN_0.0001
      receiving_slit_length  12
      primary_soller_angle  4.664143474
      secondary_soller_angle  2.509794286
      axial_n_beta  30
   lpsd_th2_angular_range_degrees  3
      lpsd_equitorial_divergence_degrees  0.3531968
      lpsd_equitorial_sample_length_mm  20_LIMIT_MIN_0.0001
         lpsd_beam_spill_correct_intensity 0
   lam
      ymin_on_ymax  0.0001
      la  0.0159 lo  1.534753 lh  3.6854
      la  0.5791 lo  1.540596 lh  0.437
      la  0.0762 lo  1.541058 lh  0.6
      la  0.2417 lo  1.54441 lh  0.52
      la  0.0871 lo  1.544721 lh  0.62
       la  0.001542098723_LIMIT_MIN_1e-005 lo  1.3922 lh  0.550287_LIMIT_MIN_1e-006
      la  0.002204090135 lo  1.397701 lh  1.26547_LIMIT_MIN_1e-006
  
   
/*C3S-mono_nishi.str_START*/

	str 
	LVol_FWHM_CS_G_L( 1, 72.70806`, 0.89, 101.64651`,,,cs_c3smonni, 114.20956`_LIMIT_MIN_50 min =50.0; max =2000.0;)
	e0_from_Strain( 0.00002,!st_c3smonni, 0.01 min =0.00001; max =1.2;,,)
		r_bragg  5.06006557
		phase_MAC  101.135832
		phase_name "C3S monoclinic (NISHI)"
		MVW( 8219.394, 4320.815`, 1.174`)
		space_group 8
		scale @  3.42276061e-007`
		Phase_LAC_1_on_cm( 319.46889`)
		Phase_Density_g_on_cm3( 3.15881`)
		a a_c3smonni  32.858278`
		b b_c3smonni  7.095456`
		c c_c3smonni  18.585610`
		be be_c3smonni  94.32103`
		site Ca num_posns  2 x  0.0075 y  0 z  0.009 occ Ca+2  0.5 beq  4
		site Ca num_posns  2 x  0.0024 y  0 z  0.0056 occ Ca+2  0.5 beq  4
		site Ca num_posns  2 x  0.6672 y  0 z  0.1751 occ Ca+2  0.5 beq  0.1
		site Ca num_posns  2 x  0.6673 y  0 z  0.1741 occ Ca+2  0.5 beq  0.1
		site Ca num_posns  2 x  0.324 y  0 z  0.333 occ Ca+2  0.5 beq  1
		site Ca num_posns  2 x  0.3193 y  0 z  0.3307 occ Ca+2  0.5 beq  1
		site Ca num_posns  2 x  0.002 y  0 z  0.5044 occ Ca+2  0.5 beq  0.4
		site Ca num_posns  2 x  -0.0133 y  0 z  0.4971 occ Ca+2  0.5 beq  0.4
		site Ca num_posns  2 x  0.664 y  0 z  0.6714 occ Ca+2  0.5 beq  0.6
		site Ca num_posns  2 x  0.6632 y  0 z  0.6697 occ Ca+2  0.5 beq  0.6
		site Ca num_posns  2 x  0.3428 y  0 z  0.8352 occ Ca+2  0.5 beq  1.6
		site Ca num_posns  2 x  0.3301 y  0 z  0.8217 occ Ca+2  0.5 beq  1.6
		site Ca num_posns  2 x  0.5973 y  0 z  -0.0611 occ Ca+2  0.5 beq  0.2
		site Ca num_posns  2 x  0.5911 y  0 z  -0.0691 occ Ca+2  0.5 beq  0.2
		site Ca num_posns  2 x  0.2611 y  0 z  0.0952 occ Ca+2  0.5 beq  2.5
		site Ca num_posns  2 x  0.2568 y  0 z  0.0864 occ Ca+2  0.5 beq  2.5
		site Ca num_posns  2 x  -0.0801 y  0 z  0.2667 occ Ca+2  0.5 beq  1.3
		site Ca num_posns  2 x  -0.081 y  0 z  0.2644 occ Ca+2  0.5 beq  1.3
		site Ca num_posns  2 x  0.5874 y  0 z  0.439 occ Ca+2  0.5 beq  0.9
		site Ca num_posns  2 x  0.5856 y  0 z  0.4369 occ Ca+2  0.5 beq  0.9
		site Ca num_posns  2 x  0.2575 y  0 z  0.5989 occ Ca+2  0.5 beq  0.2
		site Ca num_posns  2 x  0.2561 y  0 z  0.5976 occ Ca+2  0.5 beq  0.2
		site Ca num_posns  2 x  -0.0742 y  0 z  0.7698 occ Ca+2  0.5 beq  0.6
		site Ca num_posns  2 x  -0.0743 y  0 z  0.7689 occ Ca+2  0.5 beq  0.6
		site Ca num_posns  2 x  0.7356 y  0 z  -0.1037 occ Ca+2  0.5 beq  0.3
		site Ca num_posns  2 x  0.7413 y  0 z  -0.0957 occ Ca+2  0.5 beq  0.3
		site Ca num_posns  2 x  0.4 y  0 z  0.0792 occ Ca+2  0.5 beq  3.9
		site Ca num_posns  2 x  0.3982 y  0 z  0.0706 occ Ca+2  0.5 beq  3.9
		site Ca num_posns  2 x  0.0651 y  0 z  0.2486 occ Ca+2  0.5 beq  0.9
		site Ca num_posns  2 x  0.0628 y  0 z  0.2445 occ Ca+2  0.5 beq  0.9
		site Ca num_posns  2 x  0.7286 y  0 z  0.401 occ Ca+2  0.5 beq  1.8
		site Ca num_posns  2 x  0.7272 y  0 z  0.4042 occ Ca+2  0.5 beq  1.8
		site Ca num_posns  2 x  0.4004 y  0 z  0.5711 occ Ca+2  0.5 beq  1.4
		site Ca num_posns  2 x  0.3984 y  0 z  0.5675 occ Ca+2  0.5 beq  1.4
		site Ca num_posns  2 x  0.0694 y  0 z  0.7491 occ Ca+2  0.5 beq  1.5
		site Ca num_posns  2 x  0.0647 y  0 z  0.7349 occ Ca+2  0.5 beq  1.5
		site Ca num_posns  4 x  -0.0846 y  0.2988 z  -0.0926 occ Ca+2  0.5 beq  1
		site Ca num_posns  4 x  -0.0793 y  0.2677 z  -0.0789 occ Ca+2  0.5 beq  1
		site Ca num_posns  4 x  0.5799 y  0.3018 z  0.0844 occ Ca+2  0.5 beq  1.6
		site Ca num_posns  4 x  0.585 y  0.2058 z  0.1013 occ Ca+2  0.5 beq  1.6
		site Ca num_posns  4 x  0.2411 y  0.2447 z  0.247 occ Ca+2  0.5 beq  0.2
		site Ca num_posns  4 x  0.2459 y  0.2559 z  0.2501 occ Ca+2  0.5 beq  0.2
		site Ca num_posns  4 x  -0.0941 y  0.2566 z  0.413 occ Ca+2  0.5 beq  0.2
		site Ca num_posns  4 x  -0.0885 y  0.255 z  0.4273 occ Ca+2  0.5 beq  0.2
		site Ca num_posns  4 x  0.5744 y  0.2726 z  0.5851 occ Ca+2  0.5 beq  0.8
		site Ca num_posns  4 x  0.5784 y  0.2399 z  0.5943 occ Ca+2  0.5 beq  0.8
		site Ca num_posns  4 x  0.2435 y  0.2491 z  0.7443 occ Ca+2  0.5 beq  0.5
		site Ca num_posns  4 x  0.2468 y  0.2347 z  0.7554 occ Ca+2  0.5 beq  0.5
		site Ca num_posns  4 x  0.0052 y  0.2343 z  -0.1598 occ Ca+2  0.5 beq  0.1
		site Ca num_posns  4 x  0.0051 y  0.2338 z  -0.1501 occ Ca+2  0.5 beq  0.1
		site Ca num_posns  4 x  0.6704 y  0.2318 z  0.0073 occ Ca+2  0.5 beq  0.2
		site Ca num_posns  4 x  0.6771 y  0.2306 z  0.0144 occ Ca+2  0.5 beq  0.2
		site Ca num_posns  4 x  0.3354 y  0.2257 z  0.1731 occ Ca+2  0.5 beq  0.3
		site Ca num_posns  4 x  0.3365 y  0.2385 z  0.1853 occ Ca+2  0.5 beq  0.3
		site Ca num_posns  4 x  -0.0047 y  0.2281 z  0.3417 occ Ca+2  0.5 beq  0.2
		site Ca num_posns  4 x  0.0018 y  0.254 z  0.349 occ Ca+2  0.5 beq  0.2
		site Ca num_posns  4 x  0.663 y  0.2288 z  0.5097 occ Ca+2  0.5 beq  0.9
		site Ca num_posns  4 x  0.6688 y  0.2292 z  0.5147 occ Ca+2  0.5 beq  0.9
		site Ca num_posns  4 x  0.335 y  0.2592 z  0.675 occ Ca+2  0.5 beq  0.7
		site Ca num_posns  4 x  0.336 y  0.2165 z  0.6827 occ Ca+2  0.5 beq  0.7
		site Ca num_posns  4 x  0.8294 y  0.2577 z  -0.0192 occ Ca+2  0.5 beq  1.2
		site Ca num_posns  4 x  0.8306 y  0.2893 z  -0.0026 occ Ca+2  0.5 beq  1.2
		site Ca num_posns  4 x  0.484 y  0.2722 z  0.1583 occ Ca+2  0.5 beq  1.8
		site Ca num_posns  4 x  0.4905 y  0.2303 z  0.1584 occ Ca+2  0.5 beq  1.8
		site Ca num_posns  4 x  0.1468 y  0.2503 z  0.3304 occ Ca+2  0.5 beq  1.4
		site Ca num_posns  4 x  0.1562 y  0.29 z  0.332 occ Ca+2  0.5 beq  1.4
		site Ca num_posns  4 x  0.8167 y  0.2762 z  0.4875 occ Ca+2  0.5 beq  0.6
		site Ca num_posns  4 x  0.8224 y  0.252 z  0.4918 occ Ca+2  0.5 beq  0.6
		site Ca num_posns  4 x  0.4941 y  0.2854 z  0.6505 occ Ca+2  0.5 beq  0.9
		site Ca num_posns  4 x  0.4893 y  0.2759 z  0.6649 occ Ca+2  0.5 beq  0.9
		site Ca num_posns  4 x  0.1569 y  0.2749 z  0.8198 occ Ca+2  0.5 beq  0.1
		site Ca num_posns  4 x  0.1643 y  0.2675 z  0.8283 occ Ca+2  0.5 beq  0.1
		site Si num_posns  2 x  0.0833 y  0 z  0.4288 occ Si+4  1 beq  2.1
		site Si num_posns  2 x  0.2384 y  0 z  -0.0838 occ Si+4  1 beq  0.3
		site Si num_posns  2 x  0.4292 y  0 z  0.746 occ Si+4  1 beq  1.5
		site Si num_posns  2 x  0.5699 y  0 z  0.7506 occ Si+4  1 beq  0.2
		site Si num_posns  2 x  -0.0943 y  0 z  0.0741 occ Si+4  1 beq  0.1
		site Si num_posns  2 x  -0.1015 y  0 z  0.5918 occ Si+4  1 beq  1.5
		site Si num_posns  2 x  0.0966 y  0 z  -0.0851 occ Si+4  1 beq  0.5
		site Si num_posns  2 x  0.1637 y  0 z  0.1591 occ Si+4  1 beq  1
		site Si num_posns  2 x  0.1628 y  0 z  0.6629 occ Si+4  1 beq  0.3
		site Si num_posns  2 x  0.234 y  0 z  0.4118 occ Si+4  1 beq  3.8
		site Si num_posns  2 x  0.4214 y  0 z  0.2509 occ Si+4  1 beq  1.5
		site Si num_posns  2 x  0.5008 y  0 z  0.0039 occ Si+4  1 beq  0.7
		site Si num_posns  2 x  0.4975 y  0 z  0.5004 occ Si+4  1 beq  2.5
		site Si num_posns  2 x  0.5682 y  0 z  0.2442 occ Si+4  1 beq  0.3
		site Si num_posns  2 x  0.76 y  0 z  0.0882 occ Si+4  1 beq  0.2
		site Si num_posns  2 x  0.7563 y  0 z  0.5803 occ Si+4  1 beq  0.2
		site Si num_posns  2 x  -0.1748 y  0 z  0.3338 occ Si+4  1 beq  0.4
		site Si num_posns  2 x  -0.1693 y  0 z  -0.1575 occ Si+4  1 beq  0.2
		site O num_posns  2 x  0.99 y  0 z  0.245 occ O-2  0.5 beq  4.2
		site O num_posns  2 x  0.988 y  0 z  0.245 occ O-2  0.5 beq  4.2
		site O num_posns  2 x  0.038 y  0 z  0.119 occ O-2  0.5 beq  3.8
		site O num_posns  2 x  0.052 y  0 z  0.124 occ O-2  0.5 beq  3.8
		site O num_posns  2 x  0.03 y  0 z  0.599 occ O-2  0.5 beq  2.8
		site O num_posns  2 x  0.038 y  0 z  0.61 occ O-2  0.5 beq  2.8
		site O num_posns  2 x  -0.004 y  0 z  0.753 occ O-2  0.5 beq  1
		site O num_posns  2 x  -0.005 y  0 z  0.754 occ O-2  0.5 beq  1
		site O num_posns  2 x  0.372 y  0 z  -0.077 occ O-2  0.5 beq  2.8
		site O num_posns  2 x  0.373 y  0 z  -0.047 occ O-2  0.5 beq  2.8
		site O num_posns  2 x  0.329 y  0 z  0.075 occ O-2  0.5 beq  4.1
		site O num_posns  2 x  0.331 y  0 z  0.077 occ O-2  0.5 beq  4.1
		site O num_posns  2 x  0.289 y  0 z  0.211 occ O-2  0.5 beq  2.7
		site O num_posns  2 x  0.289 y  0 z  0.223 occ O-2  0.5 beq  2.7
		site O num_posns  2 x  0.362 y  0 z  0.441 occ O-2  0.5 beq  0.8
		site O num_posns  2 x  0.362 y  0 z  0.442 occ O-2  0.5 beq  0.8
		site O num_posns  2 x  0.325 y  0 z  0.583 occ O-2  0.5 beq  0.1
		site O num_posns  2 x  0.334 y  0 z  0.595 occ O-2  0.5 beq  0.1
		site O num_posns  2 x  0.282 y  0 z  0.724 occ O-2  0.5 beq  1.4
		site O num_posns  2 x  0.293 y  0 z  0.732 occ O-2  0.5 beq  1.4
		site O num_posns  2 x  0.666 y  0 z  -0.093 occ O-2  0.5 beq  0.5
		site O num_posns  2 x  0.675 y  0 z  -0.081 occ O-2  0.5 beq  0.5
		site O num_posns  2 x  0.627 y  0 z  0.049 occ O-2  0.5 beq  1.5
		site O num_posns  2 x  0.634 y  0 z  0.067 occ O-2  0.5 beq  1.5
		site O num_posns  2 x  0.706 y  0 z  0.285 occ O-2  0.5 beq  2.6
		site O num_posns  2 x  0.704 y  0 z  0.29 occ O-2  0.5 beq  2.6
		site O num_posns  2 x  0.648 y  0 z  0.421 occ O-2  0.5 beq  2.1
		site O num_posns  2 x  0.655 y  0 z  0.414 occ O-2  0.5 beq  2.1
		site O num_posns  2 x  0.608 y  0 z  0.554 occ O-2  0.5 beq  1.5
		site O num_posns  2 x  0.622 y  0 z  0.567 occ O-2  0.5 beq  1.5
		site O num_posns  2 x  0.705 y  0 z  0.763 occ O-2  0.5 beq  1.4
		site O num_posns  2 x  0.709 y  0 z  0.771 occ O-2  0.5 beq  1.4
		site O num_posns  2 x  0.949 y  0 z  0.376 occ O-2  0.5 beq  1.5
		site O num_posns  2 x  0.957 y  0 z  0.401 occ O-2  0.5 beq  1.5
		site O num_posns  2 x  0.96 y  0 z  0.897 occ O-2  0.5 beq  0.8
		site O num_posns  2 x  0.965 y  0 z  0.907 occ O-2  0.5 beq  0.8
		site O num_posns  2 x  0.111 y  0 z  0.357 occ O-2  1 beq  8.1
		site O num_posns  2 x  0.035 y  0 z  0.408 occ O-2  1 beq  4.2
		site O num_posns  4 x  0.096 y  0.187 z  0.474 occ O-2  1 beq  3.2
		site O num_posns  2 x  0.215 y  0 z  -0.011 occ O-2  1 beq  0.5
		site O num_posns  2 x  0.286 y  0 z  -0.063 occ O-2  1 beq  2.9
		site O num_posns  4 x  0.226 y  0.184 z  -0.133 occ O-2  1 beq  2.1
		site O num_posns  2 x  0.45 y  0 z  0.668 occ O-2  1 beq  1.7
		site O num_posns  2 x  0.379 y  0 z  0.73 occ O-2  1 beq  2.3
		site O num_posns  4 x  0.443 y  0.183 z  0.791 occ O-2  1 beq  1.6
		site O num_posns  2 x  0.549 y  0 z  0.83 occ O-2  1 beq  2.1
		site O num_posns  2 x  0.616 y  0 z  0.767 occ O-2  1 beq  1.5
		site O num_posns  4 x  0.555 y  0.188 z  0.704 occ O-2  1 beq  2
		site O num_posns  2 x  -0.118 y  0 z  0.149 occ O-2  1 beq  1.5
		site O num_posns  2 x  -0.044 y  0 z  0.093 occ O-2  1 beq  1.2
		site O num_posns  4 x  -0.107 y  0.187 z  0.027 occ O-2  1 beq  2.7
		site O num_posns  2 x  -0.123 y  0 z  0.669 occ O-2  1 beq  4.7
		site O num_posns  2 x  -0.054 y  0 z  0.608 occ O-2  1 beq  3.8
		site O num_posns  4 x  -0.117 y  0.186 z  0.542 occ O-2  1 beq  2.3
		site O num_posns  2 x  0.119 y  0 z  -0.161 occ O-2  0.68 beq  0.7
		site O num_posns  2 x  0.048 y  0 z  -0.103 occ O-2  0.68 beq  1.6
		site O num_posns  4 x  0.11 y  0.189 z  -0.038 occ O-2  0.68 beq  3.9
		site O num_posns  2 x  0.074 y  0 z  -0.009 occ O-2  0.32 beq  4
		site O num_posns  2 x  0.055 y  0 z  -0.138 occ O-2  0.32 beq  2
		site O num_posns  4 x =1/8; :  0.12500 y  0.189 z  -0.073 occ O-2  0.32 beq  1.9
		site O num_posns  4 x  0.141 y  0.05 z  0.08 occ O-2  0.5 beq  3.5
		site O num_posns  4 x  0.134 y  -0.123 z  0.208 occ O-2  0.5 beq  3.5
		site O num_posns  4 x  0.205 y  -0.123 z  0.151 occ O-2  0.5 beq  3.5
		site O num_posns  4 x  0.176 y  0.197 z  0.202 occ O-2  0.5 beq  3.5
		site O num_posns  2 x  0.185 y  0 z  0.587 occ O-2  0.59 beq  1.3
		site O num_posns  2 x  0.114 y  0 z  0.645 occ O-2  0.59 beq  1.3
		site O num_posns  4 x  0.176 y  0.189 z  0.71 occ O-2  0.59 beq  1.3
		site O num_posns  2 x  0.14 y  0 z  0.739 occ O-2  0.32 beq  1.3
		site O num_posns  2 x  0.212 y  0 z  0.681 occ O-2  0.32 beq  1.3
		site O num_posns  4 x  0.141 y  0.189 z  0.627 occ O-2  0.32 beq  1.3
		site O num_posns  4 x  0.14 y  0.05 z  0.584 occ O-2  0.045 beq  1.3
		site O num_posns  4 x  0.133 y  -0.123 z  0.712 occ O-2  0.045 beq  1.3
		site O num_posns  4 x  0.204 y  -0.123 z  0.655 occ O-2  0.045 beq  1.3
		site O num_posns  4 x  0.175 y  0.197 z  0.706 occ O-2  0.045 beq  1.3
		site O num_posns  2 x  0.255 y  0 z  0.335 occ O-2  0.59 beq  11
		site O num_posns  2 x  0.268 y  0 z  0.48 occ O-2  0.59 beq  2.7
		site O num_posns  4 x  0.206 y  0.189 z  0.415 occ O-2  0.59 beq  2
		site O num_posns  2 x  0.212 y  0 z  0.487 occ O-2  0.41 beq  6
		site O num_posns  2 x  0.283 y  0 z  0.43 occ O-2  0.41 beq  2
		site O num_posns  4 x  0.221 y  0.189 z  0.365 occ O-2  0.41 beq  3
		site O num_posns  2 x  0.444 y  0 z  0.175 occ O-2  0.57 beq  5
		site O num_posns  2 x  0.372 y  0 z  0.233 occ O-2  0.57 beq  3
		site O num_posns  4 x  0.435 y  0.189 z  0.298 occ O-2  0.57 beq  3
		site O num_posns  2 x  0.399 y  0 z  0.327 occ O-2  0.43 beq  5
		site O num_posns  2 x  0.382 y  0 z  0.193 occ O-2  0.43 beq  5
		site O num_posns  4 x  0.45 y  0.189 z  0.257 occ O-2  0.43 beq  2.3
		site O num_posns  2 x  0.478 y  0 z  0.08 occ O-2  0.43 beq  6
		site O num_posns  2 x  0.55 y  0 z  0.022 occ O-2  0.43 beq  6
		site O num_posns  4 x  0.487 y  0.189 z  -0.043 occ O-2  0.43 beq  6
		site O num_posns  4 x  0.478 y  0.05 z  -0.075 occ O-2  0.285 beq  6
		site O num_posns  4 x  0.466 y  -0.123 z  0.04 occ O-2  0.285 beq  6
		site O num_posns  4 x  0.542 y  -0.123 z  -0.004 occ O-2  0.285 beq  6
		site O num_posns  4 x  0.513 y  0.197 z  0.047 occ O-2  0.285 beq  6
		site O num_posns  2 x  0.52 y  0 z  0.425 occ O-2  0.37 beq  3.4
		site O num_posns  2 x  0.448 y  0 z  0.483 occ O-2  0.37 beq  3.4
		site O num_posns  4 x  0.511 y  0.189 z  0.547 occ O-2  0.37 beq  3.4
		site O num_posns  4 x  0.52 y  0.05 z  0.58 occ O-2  0.315 beq  3.4
		site O num_posns  4 x  0.526 y  -0.128 z  0.451 occ O-2  0.315 beq  3.4
		site O num_posns  4 x  0.456 y  -0.123 z  0.508 occ O-2  0.315 beq  3.4
		site O num_posns  4 x  0.481 y  0.197 z  0.463 occ O-2  0.315 beq  3.4
		site O num_posns  2 x  0.591 y  0 z  0.169 occ O-2  0.37 beq  16
		site O num_posns  2 x  0.602 y  0 z  0.312 occ O-2  0.37 beq  12
		site O num_posns  4 x  0.54 y  0.189 z  0.248 occ O-2  0.37 beq  2.4
		site O num_posns  2 x  0.546 y  0 z  0.32 occ O-2  0.63 beq  12
		site O num_posns  2 x  0.617 y  0 z  0.262 occ O-2  0.63 beq  6
		site O num_posns  4 x  0.555 y  0.189 z  0.197 occ O-2  0.63 beq  16
		site O num_posns  2 x  0.782 y  0 z  0.169 occ O-2  0.22 beq  11
		site O num_posns  2 x  0.711 y  0 z  0.312 occ O-2  0.22 beq  4
		site O num_posns  4 x  0.773 y  0.189 z  0.248 occ O-2  0.22 beq  2
		site O num_posns  2 x  0.738 y  0 z  0.164 occ O-2  0.78 beq  6
		site O num_posns  2 x  0.726 y  0 z  0.02 occ O-2  0.78 beq  2.4
		site O num_posns  4 x  0.788 y  0.189 z  0.085 occ O-2  0.78 beq  3.3
		site O num_posns  2 x  0.778 y  0 z  0.505 occ O-2  0.93 beq  0.4
		site O num_posns  2 x  0.707 y  0 z  0.565 occ O-2  0.93 beq  0.5
		site O num_posns  4 x  0.769 y  0.191 z  0.626 occ O-2  0.93 beq  1.4
		site O num_posns  2 x  0.734 y  0 z  0.656 occ O-2  0.07 beq  0.8
		site O num_posns  2 x  0.717 y  0 z  0.522 occ O-2  0.07 beq  0.8
		site O num_posns  4 x  0.787 y  0.18 z  0.594 occ O-2  0.07 beq  0.8
		site O num_posns  2 x  -0.197 y  0 z  0.409 occ O-2  0.07 beq  4.6
		site O num_posns  2 x  -0.126 y  0 z  0.352 occ O-2  0.07 beq  4.6
		site O num_posns  4 x  -0.188 y  0.189 z  0.287 occ O-2  0.07 beq  4.6
		site O num_posns  4 x  -0.197 y  0.05 z  0.255 occ O-2  0.2325 beq  4.6
		site O num_posns  4 x  -0.204 y  -0.123 z  0.383 occ O-2  0.2325 beq  4.6
		site O num_posns  4 x  -0.134 y  -0.123 z  0.326 occ O-2  0.2325 beq  4.6
		site O num_posns  4 x  -0.163 y  0.197 z  0.377 occ O-2  0.2325 beq  4.6
		site O num_posns  4 x  -0.152 y  0.05 z  0.413 occ O-2  0.2325 beq  4.6
		site O num_posns  4 x  -0.145 y  -0.123 z  0.285 occ O-2  0.2325 beq  4.6
		site O num_posns  4 x  -0.216 y  -0.123 z  0.342 occ O-2  0.2325 beq  4.6
		site O num_posns  4 x  -0.187 y  0.197 z  0.291 occ O-2  0.2325 beq  4.6
		site O num_posns  2 x  -0.192 y  0 z  -0.082 occ O-2  0.78 beq  2
		site O num_posns  2 x  -0.12 y  0 z  -0.14 occ O-2  0.78 beq  2
		site O num_posns  4 x  -0.183 y  0.189 z  -0.204 occ O-2  0.78 beq  2
		site O num_posns  4 x  -0.192 y  0.05 z  -0.237 occ O-2  0.11 beq  2
		site O num_posns  4 x  -0.199 y  -0.123 z  -0.108 occ O-2  0.11 beq  2
		site O num_posns  4 x  -0.128 y  -0.123 z  -0.165 occ O-2  0.11 beq  2
		site O num_posns  4 x  -0.158 y  0.21 z  -1 occ O-2  0.11 beq  2
/*C3S-mono_nishi.str_END*/

/*Gibbsite.str_START*/
STR(P12_1/n1) ' P12_1/n1
	phase_name "Gibbsite"
	' Formula "Al (OH)3"
	' Group "Hydroxide"
	' SubGroup ""
	' UserGroup ""
	' SubstSeries ""
	' ICDD_number 330018
	a a_gibbsite  8.750000`_LIMIT_MAX_8.75 min 8.6000 max 8.7500
	b b_gibbsite  5.085127` min 5.0000 max 5.2000
	c c_gibbsite  9.800000`_LIMIT_MAX_9.8 min 9.6000 max 9.8000
	al 90.000
	be be_gibbsite  94.75239`_LIMIT_MIN_94 min 94.0000 max 95.0000
	ga 90.000

	site s1   x !x1_gibbsite 0.1679  y !y1_gibbsite 0.5295  z !z1_gibbsite -0.0023  occ AL+3 1.00  beq 0.560
	site s2   x !x2_gibbsite 0.3344  y !y2_gibbsite 0.0236  z !z2_gibbsite -0.0024  occ AL+3 1.00  beq 0.570
	site s3   x !x3_gibbsite 0.1779  y !y3_gibbsite 0.2183  z !z3_gibbsite -0.1115  occ O-2  1.00  beq 0.780
	site s4   x !x4_gibbsite 0.6692  y !y4_gibbsite 0.6558  z !z4_gibbsite -0.1023  occ O-2  1.00  beq 0.790
	site s5   x !x5_gibbsite 0.4984  y !y5_gibbsite 0.1315  z !z5_gibbsite -0.1044  occ O-2  1.00  beq 0.780
	site s6   x !x6_gibbsite -0.0205  y !y6_gibbsite 0.6293  z !z6_gibbsite -0.1068  occ O-2  1.00  beq 0.800
	site s7   x !x7_gibbsite 0.2971  y !y7_gibbsite 0.7178  z !z7_gibbsite -0.1052  occ O-2  1.00  beq 0.810
	site s8   x !x8_gibbsite 0.8194  y !y8_gibbsite 0.1491  z !z8_gibbsite -0.1015  occ O-2  1.00  beq 0.760
	site s9   x !x9_gibbsite 0.1010  y !y9_gibbsite 0.1520  z !z9_gibbsite -0.1240  occ H  1.00  beq 1.000
	site s10  x !x10_gibbsite 0.5950  y !y10_gibbsite 0.5730  z !z10_gibbsite -0.0980  occ H  1.00  beq 1.000
	site s11  x !x11_gibbsite 0.5030  y !y11_gibbsite 0.1370  z !z11_gibbsite -0.1900  occ H  1.00  beq 1.000
	site s12  x !x12_gibbsite -0.0290  y !y12_gibbsite 0.8010  z !z12_gibbsite -0.1070  occ H  1.00  beq 1.000
	site s13  x !x13_gibbsite 0.2930  y !y13_gibbsite 0.7240  z !z13_gibbsite -0.1960  occ H  1.00  beq 1.000
	site s14  x !x14_gibbsite 0.8150  y !y14_gibbsite 0.1600  z !z14_gibbsite -0.1900  occ H  1.00  beq 1.000

	CS(cs_gibbsite, 50.00000`_LIMIT_MIN_50 min =50.0; max =2000.0;)
'	PO_Spherical_Harmonics(sh_gibbsite, 4)
	PO(, 1,, 0 0 1)
	scale sc_gibbsite  2.38675136e-005`
	MVW( 624.028, 434.551`, 0.625`)
	r_bragg  2.95717178

/*Gibbsite.str_END*/

/*Corundum as standard.str_START*/

	str 
	LVol_FWHM_CS_G_L( 0.89, 103.09032`, 0.89, 161.93390`,,,cs_corundumori, 181.94820` min =50.0; max =2000.0;)
	e0_from_Strain( 0.00038`,@, 0.17341` min =0.00001; max =1.2;,,)
		r_bragg  2.37857157
		phase_MAC  31.5902045
		phase_name "Corundum"
		MVW( 611.768, 255.012`, 22.007`)
		corrected_weight_percent  20`
		spiked_phase_measured_weight_percent  20
		space_group 167
		scale sc_corundumori  0.00146014691`
		Phase_LAC_1_on_cm( 125.84260`)
		Phase_Density_g_on_cm3( 3.98360`)
		Trigonal(a_corundumori  4.760289` min =4.7400; max =4.7800;,c_corundumori  12.994617` min =12.9000; max =13.1000;)
		site s1 num_posns  12 x =0; :  0.00000 y =0; :  0.00000 z !z1_corundumori 0.3522 occ AL+3  1 beq  0.32
		site s2 num_posns  18 x !x2_corundumori 0.6937 y =0; :  0.00000 z =1/4; :  0.25000 occ O-2  1 beq  0.33
		Preferred_Orientation(@, 1.11222`,, 1 0 4)
/*Corundum as standard.str_END*/

/*Bassanit.str_START*/

	str 
	LVol_FWHM_CS_G_L( 1, 170.21189`, 0.89, 237.95771`,,,cs_bassanit, 267.36821`_LIMIT_MIN_50 min =50.0; max =2000.0;)
	e0_from_Strain( 0.00002,!st_bassanit, 0.01 min =0.00001; max =1.2;,,)
		r_bragg  6.82147778
		phase_MAC  73.0795956
		phase_name "Bassanite"
		MVW( 1741.779, 1051.651`, 0.240`)
		space_group 5
		scale @  1.35684928e-006`_LIMIT_MIN_1e-015
		Phase_LAC_1_on_cm( 200.98644`)
		Phase_Density_g_on_cm3( 2.75024`)
		a a_bassanit  17.543575`_LIMIT_MAX_17.6 min =17.2600; max =17.6000;
		b b_bassanit  6.976497`_LIMIT_MAX_7 min =6.8800; max =7.0000;
		c c_bassanit  11.939159`_LIMIT_MIN_11.9 min =11.9000; max =12.1000;
		be be_bassanit  133.97151` min =132.5000; max =134.5000;
		site s1 num_posns  4 x !x1_bassanit 0.2615 y !y1_bassanit 0.1239 z !z1_bassanit 0.2591 occ S  1 beq  0.89
		site s2 num_posns  4 x !x2_bassanit 0.416 y !y2_bassanit 0.2821 z !z2_bassanit 0.1338 occ S  1 beq  0.94
		site s3 num_posns  4 x !x3_bassanit 0.0769 y !y3_bassanit 0.2935 z !z3_bassanit 0.3435 occ S  1 beq  0.89
		site s4 num_posns  2 x =0; :  0.00000 y !y4_bassanit 0.6191 z =1/2; :  0.50000 occ CA+2  1 beq  0.45
		site s5 num_posns  4 x !x5_bassanit 0.1783 y !y5_bassanit 0.2817 z !z5_bassanit 0.9021 occ CA+2  1 beq  0.31
		site s6 num_posns  4 x !x6_bassanit 0.3291 y !y6_bassanit 0.3246 z !z6_bassanit 0.5969 occ CA+2  1 beq  0.14
		site s7 num_posns  2 x =0; :  0.00000 y !y7_bassanit 0.1397 z =0; :  0.00000 occ CA+2  1 beq  0.15
		site s8 num_posns  4 x !x8_bassanit 0.3208 y !y8_bassanit 0.2767 z !z8_bassanit 0.3809 occ O-2  1 beq  1.48
		site s9 num_posns  4 x !x9_bassanit 0.1863 y !y9_bassanit 0.0144 z !z9_bassanit 0.2478 occ O-2  1 beq  1.65
		site s10 num_posns  4 x !x10_bassanit 0.1894 y !y10_bassanit 0.2283 z !z10_bassanit 0.1085 occ O-2  1 beq  1.4
		site s11 num_posns  4 x !x11_bassanit 0.3102 y !y11_bassanit 0.9679 z !z11_bassanit 0.2375 occ O-2  1 beq  1.54
		site s12 num_posns  4 x !x12_bassanit 0.3353 y !y12_bassanit 0.4321 z !z12_bassanit 0.0757 occ O-2  1 beq  1.4
		site s13 num_posns  4 x !x13_bassanit 0.4907 y !y13_bassanit 0.3644 z !z13_bassanit 0.1248 occ O-2  1 beq  1.33
		site s14 num_posns  4 x !x14_bassanit 0.4884 y !y14_bassanit 0.2615 z !z14_bassanit 0.3019 occ O-2  1 beq  1.31
		site s15 num_posns  4 x !x15_bassanit 0.3628 y !y15_bassanit 0.0927 z !z15_bassanit 0.0624 occ O-2  1 beq  1.4
		site s16 num_posns  4 x !x16_bassanit 0.1541 y !y16_bassanit 0.4472 z !z16_bassanit 0.3923 occ O-2  1 beq  1.71
		site s17 num_posns  4 x !x17_bassanit 0.0126 y !y17_bassanit 0.3383 z !z17_bassanit 0.3804 occ O-2  1 beq  1.03
		site s18 num_posns  4 x !x18_bassanit 0.9967 y !y18_bassanit 0.2122 z !z18_bassanit 0.1877 occ O-2  1 beq  1.13
		site s19 num_posns  4 x !x19_bassanit 0.154 y !y19_bassanit 0.1441 z !z19_bassanit 0.4569 occ O-2  1 beq  1.2
		site s20 num_posns  4 x !x20_bassanit 0.6579 y !y20_bassanit 0.5988 z !z20_bassanit 0.7178 occ O-2  1 beq  1.03
		site s21 num_posns  2 x =0; :  0.00000 y !y21_bassanit 0.4555 z =0; :  0.00000 occ O-2  1 beq  1.67
		site s22 num_posns  4 x !x22_bassanit 0.962 y !y22_bassanit 0.5552 z !z22_bassanit 0.0142 occ H  1 beq  4.59
		site s23 num_posns  4 x !x23_bassanit 0.6914 y !y23_bassanit 0.6035 z !z23_bassanit 0.6571 occ H  1 beq  5.46
		site s24 num_posns  4 x !x24_bassanit 0.7139 y !y24_bassanit 0.4869 z !z24_bassanit 0.7977 occ H  1 beq  5.48
/*Bassanit.str_END*/

/*Gypsum.str_START*/
STR(I12/a1) ' I12/a1
	phase_name "Gypsum"
	' Formula "Ca S O4 (H2 O)2"
	' Group "Sulfate"
	' SubGroup ""
	' UserGroup ""
	' SubstSeries ""
	' ICDD_number 360432
	a a_gypsum  6.450000`_LIMIT_MIN_6.45 min 6.4500 max 6.5800
	b b_gypsum  15.100000`_LIMIT_MIN_15.1 min 15.1000 max 15.3000
	c c_gypsum  5.660182`_LIMIT_MIN_5.6 min 5.6000 max 5.7500
	al 90.000
	be be_gypsum  118.87752`_LIMIT_MIN_118 min 118.0000 max 119.0000
	ga 90.000

	site s1   x                =1/4;  y !y1_gypsum 0.4213  z                  =0;  occ CA+2 1.00  beq 0.880
	site s2   x                =1/4;  y !y2_gypsum 0.9216  z                  =0;  occ S  1.00  beq 0.660
	site s3   x !x3_gypsum 0.5505  y !y3_gypsum 0.1319  z !z3_gypsum 0.9632  occ O-2  1.00  beq 1.490
	site s4   x !x4_gypsum 0.6671  y !y4_gypsum 0.0223  z !z4_gypsum 0.7582  occ O-2  1.00  beq 1.410
	site s5   x !x5_gypsum 0.4588  y !y5_gypsum 0.1821  z !z5_gypsum 0.3796  occ O-2  1.00  beq 2.190

	CS(cs_gypsum, 96.98312`_LIMIT_MIN_50 min =50.0; max =2000.0;)
'	PO_Spherical_Harmonics(sh_gypsum, 6)
	PO(, 1,, 0 1 0)
	scale sc_gypsum  3.70120999e-006`_LIMIT_MIN_1e-015
	MVW( 672.558, 482.725`, 0.116`)
	r_bragg  2.94282503

/*Gypsum.str_END*/

/*Hematite.str_START*/
STR(167) ' 
	phase_name "Hematite"
	' Formula "Fe2 O3"
	' Group "Oxides"
	' SubGroup ""
	' UserGroup ""
	' SubstSeries ""
	' ICDD_number 330664
	a a_hematite  5.070000`_LIMIT_MAX_5.07 min 5.0100 max 5.0700
	b =a_hematite;
	c c_hematite  13.767808`_LIMIT_MIN_13.7 min 13.7000 max 13.8300
	al 90.000
	be 90.000
	ga 120.000

	site s1   x                 =0;  y                 =0;  z !z1_hematite 0.3553  occ FE+3 1.00  beq 0.500
	site s2   x !x2_hematite 0.3059  y                 =0;  z               =1/4;  occ O-2  1.00  beq 0.700

	CS(cs_hematite, 50.00000`_LIMIT_MIN_50 min =50.0; max =2000.0;)
'	PO_Spherical_Harmonics(sh_hematite, 4)
	PO(, 1,, 1 0 4)
	scale sc_hematite  5.98671482e-006`_LIMIT_MIN_1e-015
	MVW( 958.129, 306.487`, 0.170`)
	r_bragg  3.21104464

/*Hematite.str_END*/

/*Calcite.str_START*/
STR(167) ' 
	phase_name "Calcite"
	' Formula "Ca C O3"
	' Group "Carbonates"
	' SubGroup ""
	' UserGroup ""
	' SubstSeries ""
	' ICDD_number 50586
	a a_calcite  4.986961` min 4.9500 max 5.0200
	b =a_calcite;
	c c_calcite  17.100000`_LIMIT_MAX_17.1 min 16.9000 max 17.1000
	al 90.000
	be 90.000
	ga 120.000

	site s1   x                =0;  y                =0;  z                =0;  occ CA+2 1.00  beq 0.950
	site s2   x                =0;  y                =0;  z              =1/4;  occ C  1.00  beq 0.900
	site s3   x !x3_calcite 0.2570  y                =0;  z              =1/4;  occ O  1.00  beq 0.940

	CS(cs_calcite, 50.00000`_LIMIT_MIN_50 min =50.0; max =2000.0;)
'	PO_Spherical_Harmonics(sh_calcite, 6)
	PO(, 1,, 1 0 4)
	scale sc_calcite  0.00222721161`
	MVW( 600.521, 368.297`, 47.590`)
	r_bragg  3.70908611

/*Calcite.str_END*/

/*Chlorite-p-mod.str_START*/

	str 
	CS(cs_chlorite, 56.68499`_LIMIT_MIN_50 min =50.0; max =2000.0;)
		r_bragg  3.31903974
		phase_name "Chlorite IIb"
		MVW( 1119.511`, 703.810`, 0.479`)
		space_group 12
		scale sc_chlorite  6.29384213e-006`_LIMIT_MIN_1e-015
		Phase_LAC_1_on_cm( 88.23606`)
		Phase_Density_g_on_cm3( 2.64133`)
		a a_chlorite  5.296981` min =5.1900; max =5.5100;
		b b_chlorite  9.342194` min =8.9890; max =9.5450;
		c c_chlorite  14.287746` min =13.8420; max =14.6980;
		be be_chlorite  95.47493`
		site s1 num_posns  2 x =0; :  0.00000 y =0; :  0.00000 z =0; :  0.00000 occ MG+2 =(1-pchl); :  1.00000` beq  1 occ FE+2 pchl  0.00000`_LIMIT_MIN_0 max =1.00; beq  1
		site s2 num_posns  4 x =0; :  0.00000 y !y2_chlorite 0.6678 z =0; :  0.00000 occ MG+2 =(1-fe); :  1.00000` beq  1 occ FE+2 fe  0.00000`_LIMIT_MIN_0 max =1.00; beq  1
		site s3 num_posns  4 x !x3_chlorite 0.315 y =0; :  0.00000 z !z3_chlorite 0.9257 occ O-2  1 beq  1
		site s4 num_posns  8 x !x4_chlorite 0.189 y !y4_chlorite 0.1667 z !z4_chlorite 0.0774 occ O-2  1 beq  1
		site s5 num_posns  8 x !x5_chlorite 0.2248 y !y5_chlorite 0.1669 z !z5_chlorite 0.1937 occ SI+4  0.66 beq  1 occ AL+3  0.34 beq  1
		site s6 num_posns  4 x !x6_chlorite 0.803 y =0; :  0.00000 z !z6_chlorite 0.7643 occ O-2  1 beq  1
		site s7 num_posns  8 x !x7_chlorite 0.511 y !y7_chlorite 0.228 z !z7_chlorite 0.2363 occ O-2  1 beq  1
		site s8 num_posns  4 x !x8_chlorite 0.828 y =0; :  0.00000 z !z8_chlorite 0.5711 occ O-2  1 beq  1
		site s9 num_posns  8 x !x9_chlorite 0.131 y !y9_chlorite 0.3463 z !z9_chlorite 0.4285 occ O-2  1 beq  1
		site s10 num_posns  4 x =0; :  0.00000 y !y10_chlorite 0.8336 z =1/2; :  0.50000 occ MG+2 =(1-s); :  0.91384` beq  1 occ FE+2 s  0.08616`_LIMIT_MIN_0 max =1.00; beq  1
		site s11 num_posns  2 x =0; :  0.00000 y =1/2; :  0.50000 z =1/2; :  0.50000 occ AL+3  0.96 beq  1
		site s12 num_posns  4 x !x12_chlorite 0.2887 y =0; :  0.00000 z !z12_chlorite 0.8552 occ H  1 beq  2
		site s13 num_posns  4 x !x13_chlorite 0.8377 y =0; :  0.00000 z !z13_chlorite 0.6339 occ H  1 beq  2
		site s14 num_posns  8 x !x14_chlorite 0.1586 y !y14_chlorite 0.3359 z !z14_chlorite 0.3698 occ H  1 beq  2
		Preferred_Orientation(, 1,, 0 0 1)
/*Chlorite-p-mod.str_END*/

/*LangbeiniteDipotassium_dicalcium_tris(sulfate(VI))_40989-icsd.str_START*/

	str 
	LVol_FWHM_CS_G_L( 1, 620.59769`, 0.89, 867.60099`,,,@, 974.83258`_LIMIT_MIN_50 min =50.0; max =2000.0;)
		r_bragg  3.7712017
		phase_MAC  80.7618845
		phase_name "Langbeinite - Dipotassium dicalcium tris(sulfate(VI))_40989-icsd"
		MVW( 1786.162, 1137.963`, 0.262`)
		scale @  1.33479566e-006`_LIMIT_MIN_1e-015
		space_group "P 21 21 21"
		Phase_LAC_1_on_cm( 210.49826`)
		Phase_Density_g_on_cm3( 2.60641`)
		a @  10.353271` min =10.1000; max =10.5000;
		b @  10.634170` min =10.1000; max =10.7000;
		c @  10.335866` min =10.1000; max =10.4000;
		site K1 num_posns  4 x  0.8308 y  0.8132 z  0.8111 occ K+1  1 beq  1
		site K2 num_posns  4 x  0.0343 y  0.057 z  0.0614 occ K+1  1 beq  1
		site Ca1 num_posns  4 x  0.3065 y  0.3395 z  0.3245 occ Ca+2  1 beq  1
		site Ca2 num_posns  4 x  0.5987 y  0.594 z  0.5752 occ Ca+2  1 beq  1
		site S1 num_posns  4 x  0.2112 y  0.3719 z  0.0191 occ S  1 beq  1
		site S2 num_posns  4 x  0.3872 y  0.0045 z  0.2507 occ S  1 beq  1
		site S3 num_posns  4 x  0.001 y  0.2179 z  0.3697 occ S  1 beq  1
		site O1 num_posns  4 x  0.3075 y  0.2695 z  0.0349 occ O-2  1 beq  1
		site O2 num_posns  4 x  0.0866 y  0.3186 z  0.9758 occ O-2  1 beq  1
		site O3 num_posns  4 x  0.2583 y  0.4629 z  0.9203 occ O-2  1 beq  1
		site O4 num_posns  4 x  0.1933 y  0.4345 z  0.1476 occ O-2  1 beq  1
		site O5 num_posns  4 x  0.3047 y  0.932 z  0.3418 occ O-2  1 beq  1
		site O6 num_posns  4 x  0.3941 y  0.1387 z  0.2908 occ O-2  1 beq  1
		site O7 num_posns  4 x  0.5187 y  0.9521 z  0.2603 occ O-2  1 beq  1
		site O8 num_posns  4 x  0.3367 y  0.9903 z  0.1172 occ O-2  1 beq  1
		site O9 num_posns  4 x  0.0622 y  0.1013 z  0.32 occ O-2  1 beq  1
		site O10 num_posns  4 x  0.9066 y  0.1877 z  0.4734 occ O-2  1 beq  1
		site O11 num_posns  4 x  0.9294 y  0.2776 z  0.2597 occ O-2  1 beq  1
		site O12 num_posns  4 x  0.0996 y  0.3051 z  0.4214 occ O-2  1 beq  1
/*LangbeiniteDipotassium_dicalcium_tris(sulfate(VI))_40989-icsd.str_END*/

/*CF.str_START*/
STR(62) ' P2_1/n2_1/m2_1/a
	phase_name "CF"
	' Formula "Ca Fe2 O4"
	' Group "Oxide"
	' SubGroup ""
	' UserGroup ""
	' SubstSeries ""
	' ICDD_number 320168
	a a_cf  9.078925` min 9.0450 max 9.4150
	b b_cf  3.080905`_LIMIT_MAX_3.084 min 2.9640 max 3.0840
	c c_cf  10.549892` min 10.4910 max 10.9190
	al 90.000
	be 90.000
	ga 90.000

	site s1   x !x1_cf 0.9330  y         =1/4;  z !z1_cf 0.1100  occ FE+3 1.00  beq 1.000
	site s2   x !x2_cf 0.9200  y         =1/4;  z !z2_cf 0.6080  occ FE+3 1.00  beq 1.000
	site s3   x !x3_cf 0.2560  y         =1/4;  z !z3_cf 0.1540  occ CA+2 1.00  beq 1.000
	site s4   x !x4_cf 0.7080  y         =1/4;  z !z4_cf 0.6620  occ O-2  1.00  beq 1.000
	site s5   x !x5_cf 0.6150  y         =1/4;  z !z5_cf 0.9770  occ O-2  1.00  beq 1.000
	site s6   x !x6_cf 0.0210  y         =1/4;  z !z6_cf 0.2840  occ O-2  1.00  beq 1.000
	site s7   x !x7_cf 0.9190  y         =1/4;  z !z7_cf 0.9240  occ O-2  1.00  beq 1.000

	CS(cs_cf, 204.73290`_LIMIT_MIN_32 min 32)
	Strain(!st_cf, 0.0001 min 0 max 0.010)
	PO(, 1,, 3 -2 0)
	scale sc_cf  1.4351231e-005`
	MVW( 863.062, 295.094`, 0.353`)
	r_bragg  2.58077418

/*CF.str_END*/

/*Tobermorite11A.str_START*/

	str 
	LVol_FWHM_CS_G_L( 1, 31.83099`, 0.89, 44.50000`,,,cs_tobermorite11a, 50.00000`_LIMIT_MIN_50 min =50.0; max =2000.0;)
	e0_from_Strain( 0.00002,!st_tobermorite11a, 0.01 min =0.00001; max =1.2;,,)
		r_bragg  3.60846685
		phase_MAC  67.3454154
		phase_name "Tobermorite"
		MVW( 669.654, 474.108`, 0.142`)
		space_group 44
		scale @  4.64426861e-006`_LIMIT_MIN_1e-015
		Phase_LAC_1_on_cm( 157.95382`)
		Phase_Density_g_on_cm3( 2.34543`)
		a a_tobermorite11a  5.642000`_LIMIT_MIN_5.53 min =5.5300; max =5.6420;
		b b_tobermorite11a  3.726307`_LIMIT_MIN_3.659 min =3.6590; max =3.7330;
		c c_tobermorite11a  22.551000`_LIMIT_MIN_22.551 min =22.5510; max =23.0070;
		site s1 num_posns  2 x =0; :  0.00000 y =0; :  0.00000 z !z1_tobermorite11a 1 occ CA+2  1 beq  1.34
		site s2 num_posns  2 x =0; :  0.00000 y =0; :  0.00000 z !z2_tobermorite11a 0.4135 occ CA+2  1 beq  1.34
		site s3 num_posns  4 x !x3_tobermorite11a 0.256 y =0; :  0.00000 z !z3_tobermorite11a 0.698 occ CA+2  0.13 beq  4.74
		site s4 num_posns  4 x !x4_tobermorite11a 0.678 y =0; :  0.00000 z !z4_tobermorite11a 0.141 occ SI+4  0.25 beq  2.76
		site s5 num_posns  4 x !x5_tobermorite11a 0.656 y =0; :  0.00000 z !z5_tobermorite11a 0.282 occ SI+4  0.25 beq  2.76
		site s6 num_posns  4 x =0; :  0.00000 y !y6_tobermorite11a 0.086 z !z6_tobermorite11a 0.873 occ SI+4  0.5 beq  1.18
		site s7 num_posns  4 x =0; :  0.00000 y !y7_tobermorite11a 0.075 z !z7_tobermorite11a 0.557 occ SI+4  0.5 beq  1.18
		site s8 num_posns  8 x !x8_tobermorite11a 0.265 y !y8_tobermorite11a 0.49 z !z8_tobermorite11a 0.019 occ O-2  0.5 beq  1.34
		site s9 num_posns  8 x !x9_tobermorite11a 0.265 y !y9_tobermorite11a 0.48 z !z9_tobermorite11a 0.411 occ O-2  0.5 beq  1.34
		site s10 num_posns  4 x !x10_tobermorite11a 0.68 y =0; :  0.00000 z !z10_tobermorite11a 0.211 occ O-2  0.25 beq  6.32
		site s11 num_posns  4 x !x11_tobermorite11a 0.93 y =0; :  0.00000 z !z11_tobermorite11a 0.113 occ O-2  0.25 beq  6.32
		site s12 num_posns  2 x =0; :  0.00000 y =1/2; :  0.50000 z !z12_tobermorite11a 0.577 occ O-2  0.5 beq  1.89
		site s13 num_posns  2 x =0; :  0.00000 y =1/2; :  0.50000 z !z13_tobermorite11a 0.848 occ O-2  0.5 beq  1.89
		site s14 num_posns  4 x =0; :  0.00000 y !y14_tobermorite11a 0.17 z !z14_tobermorite11a 0.811 occ O-2  0.5 beq  4.18
		site s15 num_posns  4 x =0; :  0.00000 y !y15_tobermorite11a 0.16 z !z15_tobermorite11a 0.619 occ O-2  0.5 beq  4.18
		site s16 num_posns  4 x !x16_tobermorite11a 0.924 y =0; :  0.00000 z !z16_tobermorite11a 0.307 occ O-2  0.25 beq  6.32
		site s17 num_posns  4 x !x17_tobermorite11a 0.65 y =0; :  0.00000 z !z17_tobermorite11a 0.213 occ O-2  0.25 beq  6.32
		site s18 num_posns  2 x =0; :  0.00000 y =0; :  0.00000 z !z18_tobermorite11a 0.112 occ O-2  0.5 beq  3.16
		site s19 num_posns  2 x =0; :  0.00000 y =0; :  0.00000 z !z19_tobermorite11a 0.303 occ O-2  0.5 beq  3.16
/*Tobermorite11A.str_END*/

/*Zro2mkl.str_START*/
STR(14) ' P12_1/c1
	phase_name "Baddeleyite ZrO2 monoclinic"
	' Formula "Zr O2"
	' Group "Oxides"
	' SubGroup ""
	' UserGroup ""
	' SubstSeries ""
	' ICDD_number 371484
	a a_zro2mkl  5.136015` min 5.0420 max 5.2480
	b b_zro2mkl  5.191639` min 5.1030 max 5.3110
	c c_zro2mkl  5.312419` min 5.2050 max 5.4170
	al 90.000
	be be_zro2mkl  98.32515`
	ga 90.000

	site s1   x !x1_zro2mkl 0.2758  y !y1_zro2mkl 0.0411  z !z1_zro2mkl 0.2082  occ ZR+4 1.00  beq 0.000
	site s2   x !x2_zro2mkl 0.0703  y !y2_zro2mkl 0.3359  z !z2_zro2mkl 0.3406  occ O-2  1.00  beq 0.000
	site s3   x !x3_zro2mkl 0.4423  y !y3_zro2mkl 0.7549  z !z3_zro2mkl 0.4789  occ O-2  1.00  beq 0.000

	CS(cs_zro2mkl, 161.14600`_LIMIT_MIN_50 min =50.0; max =2000.0;)
	PO(, 1,, 1 1 -1)
	scale sc_zro2mkl  4.70641045e-005`
	MVW( 492.891, 140.159`, 0.314`)
	r_bragg  4.27288234

/*Zro2mkl.str_END*/

/*BrownmilleriteAlFe.str_START*/

	str 
	CS(cs_9003343, 57.61339`_LIMIT_MIN_50 min =50.0; max =2000.0;)
		r_bragg  4.2401992
		phase_name "Brownmillerite"
		MVW( 1034.252, 423.090`, 0.134`)
		space_group 62
		scale sc_9003343  3.17803793e-006`_LIMIT_MIN_1e-015
		Phase_LAC_1_on_cm( 644.38584`)
		Phase_Density_g_on_cm3( 4.05922`)
		a a_9003343  5.218397`
		b b_9003343  14.120867`
		c c_9003343  5.741622`
		site ca_1 num_posns  8 x !x_ca_1_9003343 0.48559 y !y_ca_1_9003343 0.10864 z !z_ca_1_9003343 0.02569 occ ca !occ_ca_1_9003343 1 beq !beq_ca_1_9003343 0.639
		site fe_1 num_posns  4 x =0; :  0.00000 y =0; :  0.00000 z =0; :  0.00000 occ fe !occ_fe_1_9003343 0.88 beq !beq_fe_1_9003343 0.378
		site al_1 num_posns  4 x =0; :  0.00000 y =0; :  0.00000 z =0; :  0.00000 occ al !occ_al_1_9003343 0.1199 beq !beq_al_1_9003343 0.378
		site fe_2 num_posns  4 x !x_fe_2_9003343 0.949 y =1/4; :  0.25000 z !z_fe_2_9003343 0.9308 occ fe !occ_fe_2_9003343 0.66 beq !beq_fe_2_9003343 0.386
		site al_2 num_posns  4 x !x_al_2_9003343 0.949 y =1/4; :  0.25000 z !z_al_2_9003343 0.9308 occ al !occ_al_2_9003343 0.34 beq !beq_al_2_9003343 0.386
		site o_1 num_posns  8 x !x_o_1_9003343 0.2579 y !y_o_1_9003343 0.9852 z !z_o_1_9003343 0.2423 occ o !occ_o_1_9003343 1 beq !beq_o_1_9003343 0.631
		site o_2 num_posns  8 x !x_o_2_9003343 0.0206 y !y_o_2_9003343 0.1427 z !z_o_2_9003343 0.0707 occ o !occ_o_2_9003343 1 beq !beq_o_2_9003343 0.797
		site o_3 num_posns  4 x !x_o_3_9003343 0.6056 y =1/4; :  0.25000 z !z_o_3_9003343 0.8683 occ o !occ_o_3_9003343 1 beq !beq_o_3_9003343 0.741
/*BrownmilleriteAlFe.str_END*/

/*Talc.str_START*/
STR(C-1) ' C-1
	phase_name "Talc"
	' Formula "Mg3 ((OH)2 Si4 O10)"
	' Group "Silicate"
	' SubGroup "Mica"
	' UserGroup ""
	' SubstSeries ""
	' ICDD_number 190770
	a a_talc  5.240000`_LIMIT_MIN_5.24 min 5.2400 max 5.3460
	b b_talc  9.087000`_LIMIT_MIN_9.087 min 9.0870 max 9.2710
	c c_talc  9.551309`_LIMIT_MIN_9.374 min 9.3740 max 9.5640
	al al_talc  90.00000`_LIMIT_MIN_90 min 90.0000 max 91.0000
	be be_talc  99.43130`_LIMIT_MIN_98 min 98.0000 max 99.8000
	ga ga_talc  89.50000`_LIMIT_MIN_89.5 min 89.5000 max 90.5000

	site s1   x !x1_talc 0.7427  y !y1_talc 0.0027  z !z1_talc 0.2910  occ SI+4 1.00  beq 1.430
	site s2   x !x2_talc 0.7482  y !y2_talc 0.3366  z !z2_talc 0.2920  occ SI+4 1.00  beq 1.460
	site s3   x             =0;  y             =0;  z             =0;  occ MG+2 1.00  beq 1.330
	site s4   x !x4_talc 0.0001  y !y4_talc 0.3330  z !z4_talc 0.0001  occ MG+2 1.00  beq 1.380
	site s5   x !x5_talc 0.7022  y !y5_talc 0.0015  z !z5_talc 0.1183  occ O-2  1.00  beq 1.500
	site s6   x !x6_talc 0.7030  y !y6_talc 0.3363  z !z6_talc 0.1204  occ O-2  1.00  beq 1.800
	site s7   x !x7_talc 0.7439  y !y7_talc 0.1693  z !z7_talc 0.3472  occ O-2  1.00  beq 2.070
	site s8   x !x8_talc 0.5216  y !y8_talc 0.4283  z !z8_talc 0.3475  occ O-2  1.00  beq 2.130
	site s9   x !x9_talc 0.0202  y !y9_talc 0.4122  z !z9_talc 0.3487  occ O-2  1.00  beq 2.010
	site s10  x !x10_talc 0.1980  y !y10_talc 0.1677  z !z10_talc 0.1132  occ O-2  1.00  beq 1.500
	site s11  x !x11_talc 0.2300  y !y11_talc 0.2000  z !z11_talc 0.2400  occ H  1.00  beq 3.000

	CS(cs_talc, 50.00002`_LIMIT_MIN_50 min =50.0; max =2000.0;)
'	PO_Spherical_Harmonics(sh_talc, 4)
	PO(, 1,, 0 0 1) 
	scale sc_talc  1.30584834e-005`_LIMIT_MIN_1e-015
	MVW( 758.531, 448.629`, 0.429`)
	r_bragg  3.50198304

/*Talc.str_END*/

/*MicroInt1.str_START*/
STR(C-1) ' C-1
	phase_name "Microcline intermediate1"
	' Formula "K Al Si3 O8"
	' Group "Silicate"
	' SubGroup "Feldspars"
	' UserGroup ""
	' SubstSeries "Alkalifeldspars"
	' ICDD_number 190932
	a a_microint1  8.663816` min 8.5570 max 8.7290
	b b_microint1  12.971274` min 12.8000 max 13.0580
	c c_microint1  7.176577` min 7.1180 max 7.2620
	al al_microint1  90.50000`_LIMIT_MAX_90.5 min 89.5000 max 90.5000
	be be_microint1  115.78521`_LIMIT_MIN_115.5 min 115.5000 max 117.0000
	ga ga_microint1  89.50585`_LIMIT_MIN_89.2 min 89.2000 max 90.1000

	site s1   x !x1_microint1 0.2867  y !y1_microint1 0.9985  z !z1_microint1 0.1406  occ K+1  1.00  beq 2.330
	site s2   x !x2_microint1 0.0095  y !y2_microint1 0.1844  z !z2_microint1 0.2225  occ SI+4 0.75  beq 0.920
	          occ AL+3 0.25  beq 0.920
	site s3   x !x3_microint1 0.0091  y !y3_microint1 0.8168  z !z3_microint1 0.2249  occ SI+4 0.75  beq 0.900
	          occ AL+3 0.25  beq 0.900
	site s4   x !x4_microint1 0.7105  y !y4_microint1 0.1184  z !z4_microint1 0.3413  occ SI+4 0.75  beq 0.970
	          occ AL+3 0.25  beq 0.970
	site s5   x !x5_microint1 0.7095  y !y5_microint1 0.8826  z !z5_microint1 0.3433  occ SI+4 0.75  beq 1.090
	          occ AL+3 0.25  beq 1.090
	site s6   x !x6_microint1 0.0005  y !y6_microint1 0.1440  z !z6_microint1 0.9977  occ O-2  1.00  beq 2.120
	site s7   x !x7_microint1 0.6382  y !y7_microint1 0.0011  z !z7_microint1 0.2809  occ O-2  1.00  beq 2.010
	site s8   x !x8_microint1 0.8251  y !y8_microint1 0.1472  z !z8_microint1 0.2228  occ O-2  1.00  beq 2.400
	site s9   x !x9_microint1 0.8278  y !y9_microint1 0.8534  z !z9_microint1 0.2274  occ O-2  1.00  beq 2.500
	site s10  x !x10_microint1 0.0367  y !y10_microint1 0.3116  z !z10_microint1 0.2580  occ O-2  1.00  beq 1.960
	site s11  x !x11_microint1 0.0378  y !y11_microint1 0.6903  z !z11_microint1 0.2602  occ O-2  1.00  beq 1.780
	site s12  x !x12_microint1 0.1815  y !y12_microint1 0.1240  z !z12_microint1 0.4075  occ O-2  1.00  beq 1.930
	site s13  x !x13_microint1 0.1790  y !y13_microint1 0.8749  z !z13_microint1 0.4085  occ O-2  1.00  beq 1.970

	CS(cs_microint1, 50.00000`_LIMIT_MIN_50 min =50.0; max =2000.0;)
'	PO_Spherical_Harmonics(sh_microint1, 4)
	PO(, 1,, 0 0 1)
	scale sc_microint1  3.57656833e-005`
	MVW( 1113.326, 726.168`, 2.794`)
	r_bragg  3.17978519

/*MicroInt1.str_END*/

/*Arcanite.str_START*/
STR(62) ' P2_1/n2_1/m2_1/a
	phase_name "Arcanite K2SO4"
	' Formula "K2 (S O4)"
	' Group "Sulfate"
	' SubGroup ""
	' UserGroup ""
	' SubstSeries ""
	' ICDD_number 50613
	a a_arcanite  7.460964` min 7.4100 max 7.5500
	b b_arcanite  5.819998`_LIMIT_MAX_5.82 min 5.7200 max 5.8200
	c c_arcanite  9.970000`_LIMIT_MIN_9.97 min 9.9700 max 10.1700
	al 90.000
	be 90.000
	ga 90.000

	site s1   x !x1_arcanite 0.7330  y               =1/4;  z !z1_arcanite 0.9197  occ S  1.00  beq 1.170
	site s2   x !x2_arcanite 0.1738  y               =1/4;  z !z2_arcanite 0.9106  occ K+1  1.00  beq 1.810
	site s3   x !x3_arcanite 0.4890  y               =1/4;  z !z3_arcanite 0.2041  occ K+1  1.00  beq 1.630
	site s4   x !x4_arcanite 0.5379  y               =1/4;  z !z4_arcanite 0.9166  occ O-2  1.00  beq 2.260
	site s5   x !x5_arcanite 0.7963  y               =1/4;  z !z5_arcanite 0.0582  occ O-2  1.00  beq 1.960
	site s6   x !x6_arcanite 0.3009  y !y6_arcanite 0.0412  z !z6_arcanite 0.6478  occ O-2  1.00  beq 2.230

	CS(cs_arcanite, 50.00000`_LIMIT_MIN_50 min =50.0; max =2000.0;)
'	PO_Spherical_Harmonics(sh_arcanite, 4)

	scale sc_arcanite  4.71817558e-005`
	MVW( 697.037, 432.925`, 1.376`)
	r_bragg  4.59759216

/*Arcanite.str_END*/

/*Calcium chloride hydroxide.str_START*/

	str 
	LVol_FWHM_CS_G_L( 1, 1273.23954`, 0.89, 1780.00000`,,,@, 2000.00000`_LIMIT_MIN_50 min =50.0; max =2000.0;)
		r_bragg  5.04625039
		phase_MAC  117.214308
		phase_name "Calcium Chloride Hydroxide"
		MVW( 183.061, 122.201`, 0.073`)
		space_group P63mc
		scale @  3.3682881e-005`_LIMIT_MIN_1e-015
		Phase_LAC_1_on_cm( 291.57623`)
		Phase_Density_g_on_cm3( 2.48755`)
		Hexagonal(@  3.789063`,@  9.828312`)
		site Ca1 num_posns  2 x =1/3; :  0.33333 y =2/3; :  0.66667 z  0.68 occ Ca+2  1 beq  1
		site O1 num_posns  2 x  0 y  0 z  0.237 occ O-2  1 beq  1_LIMIT_MIN_-10
		site Cl1 num_posns  2 x =1/3; :  0.33333 y =2/3; :  0.66667 z  0 occ Cl-1  1 beq  1
/*Calcium chloride hydroxide.str_END*/

/*Vaterite.str_START*/
STR(194) ' P6_3/m2/m2/c
	phase_name "Vaterite"
	' Formula "Ca C O3"
	' Group "Carbonates"
	' SubGroup ""
	' UserGroup ""
	' SubstSeries ""
	' ICDD_number 240030
	a a_vaterite  4.123580` min 4.0890 max 4.1710
	b =a_vaterite;
	c c_vaterite  8.573047`_LIMIT_MAX_8.575 min 8.4050 max 8.5750
	al 90.000
	be 90.000
	ga 120.000

	site s1   x                 =0;  y                 =0;  z                 =0;  occ CA+2 1.00  beq 6.800
	site s2   x !x2_vaterite 0.2900  y  =2*x2_vaterite;  z               =1/4;  occ C  0.33  beq 6.800
	site s3   x !x3_vaterite 0.1200  y  =2*x3_vaterite;  z               =1/4;  occ O  0.33  beq 6.800
	site s4   x !x4_vaterite 0.3800  y  =2*x4_vaterite;  z !z4_vaterite 0.3800  occ O  0.33  beq 6.800

	CS(cs_vaterite, 50.00000`_LIMIT_MIN_50 min =50.0; max =2000.0;)
'	PO_Spherical_Harmonics(sh_vaterite, 4)
	PO(, 1,, 0 0 1)
	scale sc_vaterite  0.00100866402`
	MVW( 198.974, 126.245`, 2.448`)
	r_bragg  2.16862863

/*Vaterite.str_END*/

/*Katoite.str_START*/

	str 
	LVol_FWHM_CS_G_L( 1, 1273.23953`, 0.89, 1779.99998`,,,cs_9001771, 1999.99998`_LIMIT_MIN_50 min =50.0; max =2000.0;)
		r_bragg  2.94264304
		phase_MAC  66.7927152
		phase_name "Katoite"
		MVW( 3026.281, 1807.494`, 0.035`)
		'corrected_weight_percent  2.82599305
		space_group 230
		scale sc_9001771  6.58295586e-008`_LIMIT_MIN_1e-015
		Phase_LAC_1_on_cm( 185.69962`)
		Phase_Density_g_on_cm3( 2.78024`)
		Cubic(a_9001771  12.181261`)
		site ca_1 num_posns  24 x =1/8; :  0.12500 y =0; :  0.00000 z =1/4; :  0.25000 occ ca !occ_ca_1_9001771 1 beq !beq_ca_1_9001771 0.473
		site al_1 num_posns  16 x =0; :  0.00000 y =0; :  0.00000 z =1/2; :  0.50000 occ al !occ_al_1_9001771 1 beq !beq_al_1_9001771 1.263
		site h_1 num_posns  96 x !x_h_1_9001771 0.1517 y !y_h_1_9001771 0.0919 z !z_h_1_9001771 0.7939 occ h !occ_h_1_9001771 1 beq !beq_h_1_9001771 2.447
		site o_1 num_posns  96 x !x_o_1_9001771 0.0278 y !y_o_1_9001771 0.0525 z !z_o_1_9001771 0.6392 occ o !occ_o_1_9001771 1 beq !beq_o_1_9001771 0.947
/*Katoite.str_END*/

/*C6S3H-gamma-Dellaite.str_START*/
STR(2) ' P-1
	phase_name "C6S3H gamma Dellaite"
	' Formula "Ca6 (Si O4) (Si2 O7) (O H)2"
	' Group "Silicates"
	' SubGroup ""
	' UserGroup ""
	' SubstSeries ""
	' ICDD_number 290376
	a a_c6s3h  6.797184` min 6.6900 max 6.9600
	b b_c6s3h  6.908327` min 6.8000 max 7.0300
	c c_c6s3h  12.904235` min 12.6490 max 13.1650
	al al_c6s3h  90.24992`_LIMIT_MIN_90 min 90.0000 max 92.0000
	be be_c6s3h  98.01990` min 97.0000 max 98.5000
	ga ga_c6s3h  98.57219` min 97.0000 max 99.0000

	site s1   x !x1_c6s3h 0.0823  y !y1_c6s3h 0.1931  z !z1_c6s3h 0.1036  occ CA+2 1.00  beq 0.760
	site s2   x !x2_c6s3h 0.1923  y !y2_c6s3h 0.2062  z !z2_c6s3h 0.4897  occ CA+2 1.00  beq 0.620
	site s3   x !x3_c6s3h 0.8947  y !y3_c6s3h 0.4658  z !z3_c6s3h 0.2913  occ CA+2 1.00  beq 0.630
	site s4   x !x4_c6s3h 0.5597  y !y4_c6s3h 0.0333  z !z4_c6s3h 0.3211  occ CA+2 1.00  beq 0.910
	site s5   x !x5_c6s3h 0.3145  y !y5_c6s3h 0.1926  z !z5_c6s3h 0.8758  occ CA+2 1.00  beq 0.640
	site s6   x !x6_c6s3h 0.5919  y !y6_c6s3h 0.4761  z !z6_c6s3h 0.7026  occ CA+2 1.00  beq 0.560
	site s7   x !x7_c6s3h 0.6160  y !y7_c6s3h 0.2884  z !z7_c6s3h 0.0978  occ SI+4 1.00  beq 0.390
	site s8   x !x8_c6s3h 0.8105  y !y8_c6s3h 0.2859  z !z8_c6s3h 0.8857  occ SI+4 1.00  beq 0.400
	site s9   x !x9_c6s3h 0.7156  y !y9_c6s3h 0.2983  z !z9_c6s3h 0.5090  occ SI+4 1.00  beq 0.370
	site s10  x !x10_c6s3h 0.6164  y !y10_c6s3h 0.4863  z !z10_c6s3h 0.1656  occ O-2  1.00  beq 0.630
	site s11  x !x11_c6s3h 0.3940  y !y11_c6s3h 0.1867  z !z11_c6s3h 0.0539  occ O-2  1.00  beq 1.130
	site s12  x !x12_c6s3h 0.6173  y !y12_c6s3h 0.1824  z !z12_c6s3h 0.8074  occ O-2  1.00  beq 1.060
	site s13  x !x13_c6s3h 0.7477  y !y13_c6s3h 0.1522  z !z13_c6s3h 0.1747  occ O-2  1.00  beq 0.860
	site s14  x !x14_c6s3h 0.9860  y !y14_c6s3h 0.1517  z !z14_c6s3h 0.9128  occ O-2  1.00  beq 0.900
	site s15  x !x15_c6s3h 0.2288  y !y15_c6s3h 0.1663  z !z15_c6s3h 0.2997  occ O-2  1.00  beq 1.450
	site s16  x !x16_c6s3h 0.8482  y !y16_c6s3h 0.1286  z !z16_c6s3h 0.4833  occ O-2  1.00  beq 1.070
	site s17  x !x17_c6s3h 0.1901  y !y17_c6s3h 0.2082  z !z17_c6s3h 0.6863  occ O-2  1.00  beq 1.060
	site s18  x !x18_c6s3h 0.5233  y !y18_c6s3h 0.2157  z !z18_c6s3h 0.5663  occ O-2  1.00  beq 0.750
	site s19  x !x19_c6s3h 0.7450  y !y19_c6s3h 0.3403  z !z19_c6s3h 0.9998  occ O-2  1.00  beq 1.300
	site s20  x !x20_c6s3h 0.6414  y !y20_c6s3h 0.3684  z !z20_c6s3h 0.3914  occ O-2  1.00  beq 0.830
	site s21  x !x21_c6s3h 0.8340  y !y21_c6s3h 0.4837  z !z21_c6s3h 0.5817  occ O-2  1.00  beq 0.710
	site s22  x !x22_c6s3h 0.1159  y !y22_c6s3h 0.5120  z !z22_c6s3h 0.1694  occ O-2  1.00  beq 0.710
	site s23  x !x23_c6s3h 0.1996  y !y23_c6s3h 0.0501  z !z23_c6s3h 0.2863  occ H  1.00  beq 2.310
	site s24  x !x24_c6s3h 0.0744  y !y24_c6s3h 0.1300  z !z24_c6s3h 0.6818  occ H  1.00  beq 2.720

	CS(cs_c6s3h, 193.14762`_LIMIT_MIN_40 min 40)
'	PO_Spherical_Harmonics(sh_c6s3h, 4)
	PO(, 1,, 0 0 1)
	scale sc_c6s3h  2.54044138e-005`
	MVW( 1069.465, 593.121`, 1.557`)
	r_bragg  3.91968079

/*C6S3H-gamma-Dellaite.str_END*/

/*Hydrocalumite.str_START*/

	str 
	LVol_FWHM_CS_G_L( 0.89, 28.32958`, 0.89, 44.50000`,,,@, 50.00000`_LIMIT_MIN_50 min =50.0; max =2000.0;)
		r_bragg  2.30100125
		phase_MAC  67.1127907
		phase_name "Friedels Salt (Hydrocalumite)"
		MVW( 2206.889, 1870.019`, 1.156`)
		'corrected_weight_percent  5.072821803
		space_group P12/c1
		scale @  2.89865013e-006`
		Phase_LAC_1_on_cm( 131.51923`)
		Phase_Density_g_on_cm3( 1.95967`)
		be @  102.77179`
		a @  10.189794` min =9.5400; max =10.7800;
		b @  11.686741` min =10.5400; max =12.7800;
		c @  16.101544` min =15.5400; max =17.7800;
		site Ca1 num_posns  4 x  0.099 y  0.122 z  0.039 occ Ca  1 beq  1.10539569
		site Ca2 num_posns  4 x  0.097 y  0.626 z  0.032 occ Ca  1 beq  1.10539569
		site Ca3 num_posns  4 x  0.599 y  0.376 z  0.04 occ Ca  1 beq  1.02643886
		site Ca4 num_posns  4 x  0.597 y  0.874 z  0.033 occ Ca  1 beq  1.10539569
		site Al1 num_posns  4 x  0.25 y  0.374 z  0.002 occ Al  1 beq  0.868525187
		site Al2 num_posns  4 x  0.25 y  0.875 z  -0.003 occ Al  1 beq  0.868525187
		site O-H11 num_posns  4 x  0.101 y  -0.032 z  -0.064 occ O  1 beq  1.10539569
		site O-H12 num_posns  4 x  0.1 y  0.461 z  -0.062 occ O  1 beq  1.50017987
		site O-H13 num_posns  4 x  0.602 y  0.218 z  -0.06 occ O  1 beq  1.3422662
		site O-H14 num_posns  4 x  0.599 y  0.714 z  -0.066 occ O  1 beq  1.18435253
		site O-H21 num_posns  4 x  0.125 y  0.325 z  0.068 occ O  1 beq  1.10539569
		site O-H22 num_posns  4 x  0.12 y  0.828 z  0.06 occ O  1 beq  1.3422662
		site O-H23 num_posns  4 x  0.623 y  0.579 z  0.064 occ O  1 beq  1.10539569
		site O-H24 num_posns  4 x  0.622 y  0.075 z  0.066 occ O  1 beq  1.42122303
		site O-H31 num_posns  4 x  0.305 y  0.013 z  0.065 occ O  1 beq  1.3422662
		site O-H32 num_posns  4 x  0.303 y  0.515 z  0.061 occ O  1 beq  1.3422662
		site O-H33 num_posns  4 x  0.804 y  0.263 z  0.066 occ O  1 beq  1.3422662
		site O-H34 num_posns  4 x  0.802 y  0.766 z  0.06 occ O  1 beq  1.26330936
		site Wat11 num_posns  4 x  0.153 y  0.101 z  0.194 occ O  1 beq  2.60557556
		site Wat12 num_posns  4 x  0.171 y  0.639 z  0.192 occ O  1 beq  2.76348923
		site Wat13 num_posns  4 x  0.658 y  0.385 z  0.195 occ O  1 beq  3.00035974
		site Wat14 num_posns  4 x  0.659 y  0.861 z  0.19 occ O  1 beq  3.00035974
		site C1 num_posns  2 x  0.5 y  0.121 z  0.25 occ C  1 beq  2.52661873
		site O51 num_posns  2 x  0.5 y  0.007 z  0.25 occ O  1 beq  3.31618708
		site O61 num_posns  4 x  0.608 y  0.174 z  0.246 occ O  1 beq  4.0267986
		site Cl2 num_posns  2 x  0.5 y  0.609 z  0.25 occ Cl  1 beq  3.31618708
		site Wat3 num_posns  2 x  0 y  0.257 z  0.25 occ O  1 beq  4.0267986
		site Wat2 num_posns  2 x  0 y  0.492 z  0.25 occ O  1 beq  2.21079139
		site Cl4 num_posns  2 x  0 y  0.87 z  0.25 occ Cl  1 beq  3.78992809
/*Hydrocalumite.str_END*/

/*C3A-Na-ortho.str_START*/
STR(61) ' P2_1/b2_1/c2_1/a
	phase_name "C3A Na orthorhombic"
	' Formula "Ca8.5 Na Al6 O18"
	' Group "Oxide"
	' SubGroup ""
	' UserGroup ""
	' SubstSeries ""
	' ICDD_number 700859
	a a_c3anaort  10.929000`_LIMIT_MAX_10.929 min 10.8210 max 10.9290
	b b_c3anaort  10.913000`_LIMIT_MAX_10.913 min 10.8050 max 10.9130
	c c_c3anaort  15.081859`_LIMIT_MIN_15.029 min 15.0290 max 15.1810
	al 90.000
	be 90.000
	ga 90.000

	site s1   x !x1_c3anaort 0.0027  y !y1_c3anaort 0.0020  z !z1_c3anaort 0.5182  occ CA+2 0.25  beq 1.030
	site s2   x !x2_c3anaort -0.0039  y !y2_c3anaort 0.0177  z !z2_c3anaort 0.2393  occ CA+2 1.00  beq 0.700
	site s3   x !x3_c3anaort 0.0093  y !y3_c3anaort 0.2674  z !z3_c3anaort 0.1331  occ CA+2 1.00  beq 0.690
	site s4   x !x4_c3anaort 0.2565  y !y4_c3anaort 0.2707  z !z4_c3anaort 0.2528  occ CA+2 1.00  beq 1.130
	site s5   x !x5_c3anaort 0.2627  y !y5_c3anaort 0.2462  z !z5_c3anaort 0.4983  occ CA+2 1.00  beq 1.050
	site s6   x                 =0;  y                 =0;  z                 =0;  occ NA+1 1.00  beq 2.910
	site s7   x !x7_c3anaort -0.0048  y !y7_c3anaort -0.2141  z !z7_c3anaort 0.1160  occ AL+3 1.00  beq 0.410
	site s8   x !x8_c3anaort 0.2375  y !y8_c3anaort -0.0033  z !z8_c3anaort 0.1129  occ AL+3 1.00  beq 0.620
	site s9   x !x9_c3anaort 0.2421  y !y9_c3anaort 0.0054  z !z9_c3anaort -0.1086  occ AL+3 1.00  beq 1.600
	site s10  x !x10_c3anaort -0.1442  y !y10_c3anaort -0.1339  z !z10_c3anaort 0.1091  occ O-2  1.00  beq 1.640
	site s11  x !x11_c3anaort 0.1107  y !y11_c3anaort -0.1012  z !z11_c3anaort 0.1263  occ O-2  1.00  beq 1.760
	site s12  x !x12_c3anaort 0.2870  y !y12_c3anaort -0.0221  z !z12_c3anaort 0.0023  occ O-2  1.00  beq 0.940
	site s13  x !x13_c3anaort -0.0073  y !y13_c3anaort -0.2856  z !z13_c3anaort 0.2178  occ O-2  1.00  beq 1.740
	site s14  x !x14_c3anaort 0.0196  y !y14_c3anaort -0.2933  z !z14_c3anaort 0.0172  occ O-2  1.00  beq 1.320
	site s15  x !x15_c3anaort 0.3553  y !y15_c3anaort -0.0722  z !z15_c3anaort 0.1736  occ O-2  1.00  beq 1.110
	site s16  x !x16_c3anaort 0.1886  y !y16_c3anaort 0.1479  z !z16_c3anaort 0.1324  occ O-2  1.00  beq 1.270
	site s17  x !x17_c3anaort 0.1623  y !y17_c3anaort -0.1277  z !z17_c3anaort -0.1419  occ O-2  1.00  beq 1.040
	site s18  x !x18_c3anaort 0.3717  y !y18_c3anaort 0.0661  z !z18_c3anaort -0.1597  occ O-2  1.00  beq 0.920

	CS(cs_c3anaort, 45.00000`_LIMIT_MIN_45 min 45)
	Strain(!st_c3anaort, 0.0001 min 0 max 0.010)
'	PO_Spherical_Harmonics(sh_c3anaort, 4)
	PO(, 1,, 1 1 -2)
	scale sc_c3anaort  1.85151936e-006`
	MVW( 3254.125, 1798.786`, 1.047`)
	r_bragg  3.08155661

/*C3A-Na-ortho.str_END*/

/*Aragonit.str_START*/
STR(Pmcn) ' Pmcn
	phase_name "Aragonite"
	' Formula "Ca C O3"
	' Group "Carbonate"
	' SubGroup "Aragonite"
	' UserGroup ""
	' SubstSeries ""
	' ICDD_number 411475
	a a_aragonit  4.974658` min 4.9000 max 5.0000
	b b_aragonit  7.900000`_LIMIT_MIN_7.9 min 7.9000 max 8.0800
	c c_aragonit  5.759552` min 5.6500 max 5.8000
	al 90.000
	be 90.000
	ga 90.000

	site s1   x               =1/4;  y !y1_aragonit 0.41508 z !z1_aragonit 0.24046 occ Ca 1.00  beq 1.00
	site s2   x               =1/4;  y !y2_aragonit 0.76211 z !z2_aragonit 0.08518 occ C  1.00  beq 1.00
	site s3   x               =1/4;  y !y3_aragonit 0.92224 z !z3_aragonit 0.09557 occ O  1.00  beq 1.00
	site s4   x !x4_aragonit 0.47347 y !y4_aragonit 0.68065 z !z4_aragonit 0.08726 occ O  1.00  beq 1.00

	CS(cs_aragonit, 55.19442`_LIMIT_MIN_50 min =50.0; max =2000.0;)
'	PO_Spherical_Harmonics(sh_aragonit, 6)
	PO(, 1,, 0 1 0)
	scale sc_aragonit  0.000162053143`
	MVW( 400.348, 226.349`, 1.419`)
	r_bragg  3.30654153



/*Aragonit.str_END*/

/*Sylvite.str_START*/
STR(225) ' F4/m-32/m
	phase_name "Sylvite"
	' Formula "K Cl"
	' Group "Halogenide"
	' SubGroup ""
	' UserGroup ""
	' SubstSeries ""
	' ICDD_number 411476
	a a_sylvite  6.298103` min 6.2200 max 6.3420
	b =a_sylvite;
	c =a_sylvite;
	al 90.000
	be 90.000
	ga 90.000

	site s1   x                =0;  y                =0;  z                =0;  occ K+1  1.00  beq 0.600
	site s2   x              =1/2;  y              =1/2;  z              =1/2;  occ CL-1 1.00  beq 0.700

	CS(cs_sylvite, 93.21409` min =50.0; max =2000.0;)
'	PO_Spherical_Harmonics(sh_sylvite, 6)
	PO(, 1,, 1 0 0)
	scale sc_sylvite  0.00053121183`
	MVW( 298.205, 249.821`, 3.823`)
	r_bragg  3.52333658

/*Sylvite.str_END*/

/*Portlandite.str_START*/
STR(164) ' P-32/m1
	phase_name "Portlandite"
	' Formula "Ca (OH)2"
	' Group "Hydroxide"
	' SubGroup ""
	' UserGroup ""
	' SubstSeries ""
	' ICDD_number 40733
	a a_portlandite  3.553248`_LIMIT_MIN_3.55 min 3.5500 max 3.6200
	b =a_portlandite;
	c c_portlandite  4.931946`_LIMIT_MAX_4.94 min 4.8500 max 4.9400
	al 90.000
	be 90.000
	ga 120.000

	site s1   x                    =0;  y                    =0;  z                    =0;  occ CA+2 1.00  beq 1.000
	site s2   x                  =1/3;  y                  =2/3;  z !z2_portlandite 0.2330  occ O-2  1.00  beq 1.000
	site s3   x                  =1/3;  y                  =2/3;  z !z3_portlandite 0.3950  occ H  1.00  beq 0.000

	CS(cs_portlandite, 2000.00000`_LIMIT_MIN_50 min =50.0; max =2000.0;)
'	PO_Spherical_Harmonics(sh_portlandite, 2)
	PO(, 1,, 0 0 1)
	scale sc_portlandite  6.72554868e-005`_LIMIT_MIN_1e-015
	MVW( 74.093, 53.926`, 0.026`)
	r_bragg  7.01309196

/*Portlandite.str_END*/

/*Merwinite.str_START*/
STR(P12_1/a1) ' P12_1/a1
	phase_name "Merwinite"
	' Formula "Ca3 Mg Si2 O8"
	' Group "Silicate"
	' SubGroup ""
	' UserGroup ""
	' SubstSeries ""
	' ICDD_number 350591
	a a_merwinite  13.130000`_LIMIT_MIN_13.13 min 13.1300 max 13.3800
	b b_merwinite  5.276529`_LIMIT_MIN_5.25 min 5.2500 max 5.3400
	c c_merwinite  9.243493`_LIMIT_MIN_9.235 min 9.2350 max 9.4210
	al 90.000
	be be_merwinite  91.78356` min 91.0000 max 92.8000
	ga 90.000

	site s1   x !x1_merwinite 0.2563  y !y1_merwinite 0.1789  z !z1_merwinite 0.2234  occ CA+2 1.00  beq 0.700
	site s2   x !x2_merwinite 0.0811  y !y2_merwinite 0.2271  z !z2_merwinite -0.0753  occ CA+2 1.00  beq 0.660
	site s3   x !x3_merwinite 0.0978  y !y3_merwinite 0.7333  z !z3_merwinite 0.4254  occ CA+2 1.00  beq 0.730
	site s4   x !x4_merwinite 0.0043  y !y4_merwinite 0.2566  z !z4_merwinite 0.2535  occ MG+2 1.00  beq 0.420
	site s5   x !x5_merwinite 0.1326  y !y5_merwinite 0.2293  z !z5_merwinite 0.6008  occ SI+4 1.00  beq 0.190
	site s6   x !x6_merwinite 0.1412  y !y6_merwinite 0.7280  z !z6_merwinite 0.0931  occ SI+4 1.00  beq 0.180
	site s7   x !x7_merwinite 0.0740  y !y7_merwinite 0.2123  z !z7_merwinite 0.4450  occ O-2  1.00  beq 1.040
	site s8   x !x8_merwinite 0.0632  y !y8_merwinite 0.4193  z !z8_merwinite 0.6937  occ O-2  1.00  beq 0.960
	site s9   x !x9_merwinite 0.1253  y !y9_merwinite -0.0475  z !z9_merwinite 0.6773  occ O-2  1.00  beq 0.760
	site s10  x !x10_merwinite 0.2414  y !y10_merwinite 0.3618  z !z10_merwinite 0.5940  occ O-2  1.00  beq 0.910
	site s11  x !x11_merwinite 0.0768  y !y11_merwinite 0.7064  z !z11_merwinite -0.0591  occ O-2  1.00  beq 0.870
	site s12  x !x12_merwinite 0.2548  y !y12_merwinite 0.8130  z !z12_merwinite 0.0683  occ O-2  1.00  beq 0.820
	site s13  x !x13_merwinite 0.1266  y !y13_merwinite 0.4726  z !z13_merwinite 0.1853  occ O-2  1.00  beq 0.740
	site s14  x !x14_merwinite 0.0832  y !y14_merwinite -0.0424  z !z14_merwinite 0.1751  occ O-2  1.00  beq 0.840

	CS(cs_merwinite, 66.97769`_LIMIT_MIN_50 min =50.0; max =2000.0;)
'	PO_Spherical_Harmonics(sh_merwinite, 4)
	PO(, 1,, 0 1 -3)
	scale sc_merwinite  1.11303199e-005`
	MVW( 1314.821, 640.087`, 0.905`)
	r_bragg  2.6334086

/*Merwinite.str_END*/

/*Albint.str_START*/
STR(C-1) ' C-1
	space_group C-1
	phase_name "Albite intermediate"
	' Formula "Na Al Si3 O8"
	' Group "Silicate"
	' SubGroup "Feldspar"
	' UserGroup ""
	' SubstSeries "Plagioclase"
	' ICDD_number 781995
	a a_albint  8.125000`_LIMIT_MIN_8.125 min 8.1250 max 8.1730
	b b_albint  12.846489`_LIMIT_MIN_12.801 min 12.8010 max 12.8790
	c c_albint  7.141000`_LIMIT_MIN_7.099 min 7.0990 max 7.1410
	al al_albint  93.97587`_LIMIT_MIN_93.3 min 93.3000 max 94.3000
	be be_albint  117.00000`_LIMIT_MAX_117 min 116.0000 max 117.0000
	ga ga_albint  89.00000`_LIMIT_MIN_89 min 89.0000 max 90.0000

	site s1   x !x1_albint 0.2721  y !y1_albint 0.0017  z !z1_albint 0.1385  occ NA+1 1.00  beq 6.800
	site s2   x !x2_albint 0.0088  y !y2_albint 0.1657  z !z2_albint 0.2124  occ SI+4 0.49  beq 0.760
	          occ AL+3 0.51  beq 0.760
	site s3   x !x3_albint 0.0043  y !y3_albint 0.8160  z !z3_albint 0.2317  occ SI+4 0.85  beq 0.780
	          occ AL+3 0.15  beq 0.780
	site s4   x !x4_albint 0.6909  y !y4_albint 0.1086  z !z4_albint 0.3180  occ SI+4 0.84  beq 0.780
	          occ AL+3 0.16  beq 0.780
	site s5   x !x5_albint 0.6840  y !y5_albint 0.8787  z !z5_albint 0.3563  occ SI+4 0.83  beq 0.750
	          occ AL+3 0.17  beq 0.750
	site s6   x !x6_albint 0.0052  y !y6_albint 0.1338  z !z6_albint 0.9780  occ O-2  1.00  beq 1.500
	site s7   x !x7_albint 0.5920  y !y7_albint 0.9924  z !z7_albint 0.2791  occ O-2  1.00  beq 1.170
	site s8   x !x8_albint 0.8178  y !y8_albint 0.1086  z !z8_albint 0.1949  occ O-2  1.00  beq 1.530
	site s9   x !x9_albint 0.8188  y !y9_albint 0.8476  z !z9_albint 0.2496  occ O-2  1.00  beq 1.730
	site s10  x !x10_albint 0.0153  y !y10_albint 0.2939  z !z10_albint 0.2757  occ O-2  1.00  beq 1.400
	site s11  x !x11_albint 0.0218  y !y11_albint 0.6888  z !z11_albint 0.2211  occ O-2  1.00  beq 1.410
	site s12  x !x12_albint 0.1991  y !y12_albint 0.1110  z !z12_albint 0.3876  occ O-2  1.00  beq 1.360
	site s13  x !x13_albint 0.1868  y !y13_albint 0.8672  z !z13_albint 0.4305  occ O-2  1.00  beq 1.510

	CS(cs_albint, 50.00000`_LIMIT_MIN_50 min =50.0; max =2000.0;)
'	Strain(!st_albint, 0.0001 min 0 max 0.003)
'	PO_Spherical_Harmonics(sh_albint, 4)

	scale sc_albint  2.68728372e-005`
	MVW( 1048.936, 662.441`, 1.804`)
	r_bragg  3.08829585

/*Albint.str_END*/

/*Quartz.str_START*/
STR(154) ' 
	phase_name "Quartz"
	' Formula "Si O2"
	' Group "Oxides"
	' SubGroup ""
	' UserGroup ""
	' SubstSeries ""
	' ICDD_number 331161
	a a_quartz  4.919176` min 4.9000 max 4.9350
	b =a_quartz;
	c c_quartz  5.414459` min 5.3800 max 5.4500
	al 90.000
	be 90.000
	ga 120.000

	site s1   x !x1_quartz 0.4700  y               =0;  z             =2/3;  occ SI+4 1.00  beq 0.560
	site s2   x !x2_quartz 0.4150  y !y2_quartz 0.2680  z !z2_quartz 0.7860  occ O-2  1.00  beq 0.960

	CS(cs_quartz, 106.97409` min =50.0; max =2000.0;)

	scale sc_quartz  0.000880320288`
	MVW( 180.253, 113.467`, 1.739`)
	r_bragg  1.97524134

/*Quartz.str_END*/

/*Anhydrite.str_START*/

	str 
	LVol_FWHM_CS_G_L( 1, 31.83099`, 0.89, 44.50000`,,,cs_anhydrit, 50.00000`_LIMIT_MIN_50 min =50.0; max =2000.0;)
		r_bragg  2.35967278
		phase_MAC  77.2375415
		phase_name "Anhydrite"
		MVW( 544.562, 305.558`, 0.561`)
		space_group 63
		scale sc_anhydrit  3.48914906e-005`
		Phase_LAC_1_on_cm( 228.57690`)
		Phase_Density_g_on_cm3( 2.95940`)
		a a_anhydrit  7.060000`_LIMIT_MAX_7.06 min =6.9600; max =7.0600;
		b b_anhydrit  6.224303`_LIMIT_MIN_6.18 min =6.1800; max =6.3000;
		c c_anhydrit  6.953408` min =6.9210; max =7.0600;
		site s1 num_posns  4 x =0; :  0.00000 y !y1_anhydrit 0.654 z =1/4; :  0.25000 occ CA+2  1 beq  0.7
		site s2 num_posns  4 x =0; :  0.00000 y !y2_anhydrit 0.155 z =1/4; :  0.25000 occ S  1 beq  0.7
		site s3 num_posns  8 x !x3_anhydrit 0.329 y !y3_anhydrit 0.515 z =1/4; :  0.25000 occ O-2  1 beq  0.9
		site s4 num_posns  8 x =0; :  0.00000 y !y4_anhydrit 0.702 z !z4_anhydrit 0.92 occ O-2  1 beq  1.1
		Preferred_Orientation(@, 0.69552`,, 0 0 1)
/*Anhydrite.str_END*/

/*Aphthita.str_START*/
STR(164) ' P-32/m1
	phase_name "Aphthitalite"
	' Formula "K3 Na (S O4)2"
	' Group "Sulfate"
	' SubGroup ""
	' UserGroup ""
	' SubstSeries ""
	' ICDD_number 200928
	a a_aphthita  5.731495`_LIMIT_MAX_5.737 min 5.6230 max 5.7370
	b =a_aphthita;
	c c_aphthita  7.364670`_LIMIT_MAX_7.382 min 7.2360 max 7.3820
	al 90.000
	be 90.000
	ga 120.000

	site s1   x                 =0;  y                 =0;  z                 =0;  occ K+1  1.00  beq 2.400
	site s2   x                 =0;  y                 =0;  z               =1/2;  occ NA+1 1.00  beq 1.310
	site s3   x               =1/3;  y               =2/3;  z !z3_aphthita 0.3169  occ K+1  1.00  beq 1.680
	site s4   x               =1/3;  y               =2/3;  z !z4_aphthita 0.7662  occ S  1.00  beq 0.870
	site s5   x               =1/3;  y               =2/3;  z !z5_aphthita 0.9684  occ O-2  1.00  beq 3.030
	site s6   x !x6_aphthita 0.1927  y  =-x6_aphthita;  z !z6_aphthita 0.6982  occ O-2  1.00  beq 2.090

	CS(cs_aphthita, 50.00000`_LIMIT_MIN_50 min =50.0; max =2000.0;)
'	PO_Spherical_Harmonics(sh_aphthita, 4)

	scale sc_aphthita  0.000150126386`
	MVW( 332.410, 209.517`, 1.010`)
	r_bragg  3.44408772

/*Aphthita.str_END*/

/*Larnite.str_START*/

	str 
	LVol_FWHM_CS_G_L( 0.89, 28.61480`, 0.89, 44.94802`,,,@, 50.50339`_LIMIT_MIN_50 min =50.0; max =2000.0;)
		r_bragg  3.36410223
		phase_MAC  93.5399995
		phase_name "Larnite"
		MVW( 688.956, 346.747`, 3.581`)
		space_group P_1_21/n_1
		scale @  0.000155171799`
		Phase_LAC_1_on_cm( 308.62110`)
		Phase_Density_g_on_cm3( 3.29935`)
		a @  5.514500` min =5.47; max =5.58;
		b @  6.759922` min =6.72; max =6.82;
		c @  9.329576` min =9.28; max =9.38;
		be @  94.42566` min =93; max =95.5;
		site Ca1 num_posns  4 x  0.22727 y  0.34261 z  0.43031 occ Ca+2  1 beq  0.85273382
		site Ca2 num_posns  4 x  0.22074 y  -0.00235 z  0.70202 occ Ca+2  1 beq  0.710611517
		site Si1 num_posns  4 x  0.2328 y  0.28127 z  0.08161 occ Si+4  1 beq  0.552697846
		site O1 num_posns  4 x  0.2827 y  0.5121 z  0.06 occ O-2  1 beq  0.836942453
		site O2 num_posns  4 x  0.4867 y  0.1683 z  0.1381 occ O-2  1 beq  0.868525187
		site O3 num_posns  4 x  0.1561 y  0.1712 z  -0.0725 occ O-2  1 beq  0.884316554
		site O4 num_posns  4 x  0.0212 y  0.2481 z  0.1919 occ O-2  1 beq  0.900107921
/*Larnite.str_END*/

/*C3A-Na-cubic.str_START*/
STR(198) ' P2_13
	phase_name "C3A Na cubic"
	' Formula "Ca8.688 Na0.625 Al6 O18"
	' Group "Oxide"
	' SubGroup ""
	' UserGroup ""
	' SubstSeries ""
	' ICDD_number 831358
	a a_c3anacu  15.172000`_LIMIT_MIN_15.172 min 15.1720 max 15.3240
	b =a_c3anacu;
	c =a_c3anacu;
	al 90.000
	be 90.000
	ga 90.000

	site s1   x !x1_c3anacu 1.0000  y  =x1_c3anacu;  z  =x1_c3anacu;  occ CA+2 1.00  beq 0.980
	site s2   x !x2_c3anacu 0.5018  y  =x2_c3anacu;  z  =x2_c3anacu;  occ CA+2 1.00  beq 0.590
	site s3   x !x3_c3anacu 0.2630  y  =x3_c3anacu;  z  =x3_c3anacu;  occ CA+2 0.91  beq 0.740
	          occ NA+1 0.09  beq 0.740
	site s4   x !x4_c3anacu 0.7438  y  =x4_c3anacu;  z  =x4_c3anacu;  occ CA+2 0.73  beq 0.690
	          occ NA+1 0.27  beq 0.690
	site s5   x !x5_c3anacu 0.3814  y  =x5_c3anacu;  z  =x5_c3anacu;  occ CA+2 0.97  beq 1.130
	          occ NA+1 0.03  beq 1.130
	site s6   x !x6_c3anacu 0.6237  y  =x6_c3anacu;  z  =x6_c3anacu;  occ CA+2 0.76  beq 0.890
	          occ NA+1 0.24  beq 0.890
	site s7   x !x7_c3anacu 0.3720  y !y7_c3anacu 0.1400  z !z7_c3anacu 0.1361  occ CA+2 0.50  beq 2.170
	site s8   x !x8_c3anacu 0.3678  y !y8_c3anacu 0.1262  z !z8_c3anacu 0.1345  occ CA+2 0.50  beq 0.770
	site s9   x !x9_c3anacu 0.6232  y !y9_c3anacu 0.1376  z !z9_c3anacu 0.1180  occ CA+2 0.50  beq 0.780
	site s10  x !x10_c3anacu 0.6431  y !y10_c3anacu 0.1363  z !z10_c3anacu 0.1287  occ CA+2 0.50  beq 0.990
	site s11  x !x11_c3anacu 0.3821  y !y11_c3anacu 0.3863  z !z11_c3anacu 0.1213  occ CA+2 1.00  beq 0.760
	site s12  x !x12_c3anacu -0.3800  y !y12_c3anacu -0.3881  z !z12_c3anacu -0.1201  occ CA+2 1.00  beq 0.620
	site s13  x !x13_c3anacu 0.1210  y  =x13_c3anacu;  z  =x13_c3anacu;  occ NA+1 0.31  beq 1.890
	site s14  x !x14_c3anacu 0.8750  y  =x14_c3anacu;  z  =x14_c3anacu;  occ NA+1 0.31  beq 7.560
	site s15  x !x15_c3anacu 0.2539  y !y15_c3anacu 0.0134  z !z15_c3anacu 0.0167  occ AL+3 1.00  beq 0.460
	site s16  x !x16_c3anacu -0.2534  y !y16_c3anacu -0.0129  z !z16_c3anacu -0.0232  occ AL+3 1.00  beq 0.460
	site s17  x !x17_c3anacu 0.2434  y !y17_c3anacu 0.2371  z !z17_c3anacu 0.0053  occ AL+3 1.00  beq 0.540
	site s18  x !x18_c3anacu -0.2445  y !y18_c3anacu -0.2377  z !z18_c3anacu -0.0063  occ AL+3 1.00  beq 0.430
	site s19  x !x19_c3anacu 0.2630  y !y19_c3anacu 0.1264  z !z19_c3anacu 0.0029  occ O-2  1.00  beq 1.860
	site s20  x !x20_c3anacu -0.2658  y !y20_c3anacu -0.1258  z !z20_c3anacu -0.0230  occ O-2  1.00  beq 2.910
	site s21  x !x21_c3anacu 0.4759  y !y21_c3anacu 0.1327  z !z21_c3anacu 0.2475  occ O-2  1.00  beq 0.890
	site s22  x !x22_c3anacu -0.4952  y !y22_c3anacu -0.1310  z !z22_c3anacu -0.2368  occ O-2  1.00  beq 1.540
	site s23  x !x23_c3anacu 0.2729  y !y23_c3anacu 0.2765  z !z23_c3anacu 0.1082  occ O-2  1.00  beq 1.380
	site s24  x !x24_c3anacu -0.2629  y !y24_c3anacu -0.2906  z !z24_c3anacu -0.1058  occ O-2  1.00  beq 1.480
	site s25  x !x25_c3anacu 0.2406  y !y25_c3anacu 0.4114  z !z25_c3anacu 0.3040  occ O-2  1.00  beq 1.260
	site s26  x !x26_c3anacu -0.2281  y !y26_c3anacu -0.4062  z !z26_c3anacu -0.2878  occ O-2  1.00  beq 1.230
	site s27  x !x27_c3anacu 0.3502  y !y27_c3anacu -0.0321  z !z27_c3anacu -0.0274  occ O-2  1.00  beq 1.090
	site s28  x !x28_c3anacu -0.3505  y !y28_c3anacu 0.0233  z !z28_c3anacu 0.0234  occ O-2  1.00  beq 1.570
	site s29  x !x29_c3anacu 0.1497  y !y29_c3anacu -0.0173  z !z29_c3anacu -0.0171  occ O-2  1.00  beq 1.020
	site s30  x !x30_c3anacu -0.1515  y !y30_c3anacu 0.0150  z !z30_c3anacu 0.0163  occ O-2  1.00  beq 0.590

	CS(cs_c3anacu, 45.00000`_LIMIT_MIN_45 min 45)
	Strain(!st_c3anacu, 0.0001 min 0 max 0.003)
'	PO_Spherical_Harmonics(sh_c3anacu, 6)

	scale sc_c3anacu  2.78209001e-007`
	MVW( 6498.596, 3492.436`, 0.610`)
	r_bragg  2.28000837

/*C3A-Na-cubic.str_END*/

/*Akermani.str_START*/

	str 
		LVol_FWHM_CS_G_L( 1, 928780880808572.25000`, 0.89, 1298443780414661.50000`,,,cs_akermani, 1458925595971530.00000` min =40;)
		e0_from_Strain( 0.00022,!st_akermani, 0.1,,)
		r_bragg  3.46220953
		phase_MAC  71.2194923
		phase_name "Akermanite"
		MVW( 545.256, 310.519`, 0.000`)
		space_group 113
		scale @  1e-015`_LIMIT_MIN_1e-015
		Phase_LAC_1_on_cm( 207.66352`)
		Phase_Density_g_on_cm3( 2.91582`)
		Tetragonal(a_akermani  7.864882`_LIMIT_MIN_7.755 min =7.7550; max =7.9110;,c_akermani  5.020000`_LIMIT_MIN_4.96 min =4.9600; max =5.0500;)
		site s1 num_posns  4 x !x1_akermani 0.8318 y =x1_akermani+1/2; :  1.33180 z !z1_akermani 0.4937 occ CA+2  1 beq  1.62
		site s2 num_posns  2 x =0; :  0.00000 y =0; :  0.00000 z =0; :  0.00000 occ MG+2  1 beq  1.02
		site s3 num_posns  4 x !x3_akermani 0.6399 y =x3_akermani+1/2; :  1.13990 z !z3_akermani 0.0643 occ SI+4  1 beq  0.88
		site s4 num_posns  2 x =0; :  0.00000 y =1/2; :  0.50000 z !z4_akermani 0.8182 occ O-2  1 beq  2.38
		site s5 num_posns  4 x !x5_akermani 0.3594 y =x5_akermani+1/2; :  0.85940 z !z5_akermani 0.7452 occ O-2  1 beq  1.87
		site s6 num_posns  8 x !x6_akermani 0.08 y !y6_akermani 0.1867 z !z6_akermani 0.785 occ O-2  1 beq  2.07
/*Akermani.str_END*/
